Watching for file changes with StatReloader
/Users/denisburguto/test2django/test_project/testapp/views.py changed, reloading.
Watching for file changes with StatReloader
Not Found: /
"GET / HTTP/1.1" 404 2172
/Users/denisburguto/test2django/test_project/test_project/urls.py changed, reloading.
Watching for file changes with StatReloader
"GET / HTTP/1.1" 200 13
"GET / HTTP/1.1" 200 13
"GET /admin/login/?next=/admin/ HTTP/1.1" 200 4181
"GET /static/admin/css/base.css HTTP/1.1" 304 0
"GET /static/admin/css/dark_mode.css HTTP/1.1" 304 0
"GET /static/admin/js/theme.js HTTP/1.1" 304 0
"GET /static/admin/css/nav_sidebar.css HTTP/1.1" 304 0
"GET /static/admin/js/nav_sidebar.js HTTP/1.1" 304 0
"GET /static/admin/css/login.css HTTP/1.1" 304 0
"GET /static/admin/css/responsive.css HTTP/1.1" 304 0
"GET /about/ HTTP/1.1" 200 8
/Users/denisburguto/test2django/test_project/test_project/settings.py changed, reloading.
Watching for file changes with StatReloader
/Users/denisburguto/test2django/test_project/test_project/settings.py changed, reloading.
INFO 2024-03-25 16:37:33,121 autoreload 4766 8444754624 Watching for file changes with StatReloader
INFO 2024-03-25 16:37:34,399 basehttp 4766 6169931776 "GET / HTTP/1.1" 200 13
INFO 2024-03-25 16:39:39,864 basehttp 4766 6169931776 "GET / HTTP/1.1" 200 13
WARNING 2024-03-25 16:40:25,816 log 4766 6169931776 Not Found: /about/k
WARNING 2024-03-25 16:40:25,817 basehttp 4766 6169931776 "GET /about/k HTTP/1.1" 404 2432
INFO 2024-03-28 05:34:00,482 autoreload 7315 8444754624 Watching for file changes with StatReloader
INFO 2024-03-28 05:34:01,838 basehttp 7315 6123745280 "GET / HTTP/1.1" 200 13
INFO 2024-03-28 05:37:36,208 autoreload 7315 8444754624 /Users/denisburguto/test2django/test_project/testapp/views.py changed, reloading.
INFO 2024-03-28 05:37:36,474 autoreload 7351 8444754624 Watching for file changes with StatReloader
INFO 2024-03-28 05:37:37,954 basehttp 7351 6130954240 "GET / HTTP/1.1" 200 13
INFO 2024-03-28 05:37:44,720 basehttp 7351 6130954240 "GET / HTTP/1.1" 200 13
INFO 2024-03-28 05:37:45,918 basehttp 7351 6130954240 "GET /about/ HTTP/1.1" 200 27
INFO 2024-03-28 05:38:23,246 autoreload 7351 8444754624 /Users/denisburguto/test2django/test_project/test_project/settings.py changed, reloading.
INFO 2024-03-28 05:40:03,289 autoreload 7383 8444754624 Watching for file changes with StatReloader
INFO 2024-03-28 05:40:04,644 basehttp 7383 6127022080 "GET / HTTP/1.1" 200 13
INFO 2024-03-28 05:40:14,363 basehttp 7383 6127022080 "GET / HTTP/1.1" 200 13
INFO 2024-03-28 05:40:15,904 basehttp 7383 6127022080 "GET /about/ HTTP/1.1" 200 27
INFO 2024-03-28 05:41:10,394 autoreload 7383 8444754624 /Users/denisburguto/test2django/test_project/test_project/settings.py changed, reloading.
INFO 2024-03-28 05:41:10,604 autoreload 7402 8444754624 Watching for file changes with StatReloader
INFO 2024-03-28 05:41:17,769 basehttp 7402 6159118336 "GET / HTTP/1.1" 200 13
INFO 2024-03-28 05:43:31,992 autoreload 7402 8444754624 /Users/denisburguto/test2django/test_project/test_project/settings.py changed, reloading.
INFO 2024-03-28 05:43:32,297 autoreload 7435 8444754624 Watching for file changes with StatReloader
INFO 2024-03-28 05:43:33,538 basehttp 7435 6166622208 "GET / HTTP/1.1" 200 13
INFO 2024-03-28 05:43:41,691 basehttp 7435 6166622208 "GET / HTTP/1.1" 200 13
INFO 2024-03-28 05:43:49,182 basehttp 7435 6166622208 "GET / HTTP/1.1" 200 13
INFO 2024-03-28 05:43:52,004 basehttp 7435 6166622208 "GET / HTTP/1.1" 200 13
INFO 2024-03-28 05:43:52,610 basehttp 7435 6166622208 "GET /about/ HTTP/1.1" 200 27
INFO 2024-03-28 05:44:24,290 autoreload 7435 8444754624 /Users/denisburguto/test2django/test_project/test_project/settings.py changed, reloading.
INFO 2024-03-28 05:44:24,562 autoreload 7447 8444754624 Watching for file changes with StatReloader
INFO 2024-03-28 05:47:43,007 autoreload 7447 8444754624 /Users/denisburguto/test2django/test_project/testapp/views.py changed, reloading.
INFO 2024-03-28 05:47:43,305 autoreload 7486 8444754624 Watching for file changes with StatReloader
INFO 2024-03-28 05:47:44,626 basehttp 7486 6163394560 "GET / HTTP/1.1" 200 13
INFO 2024-03-28 05:48:23,032 autoreload 7486 8444754624 /Users/denisburguto/test2django/test_project/testapp/views.py changed, reloading.
INFO 2024-03-28 05:48:23,219 autoreload 7500 8444754624 Watching for file changes with StatReloader
ERROR 2024-03-28 05:48:24,244 log 7500 6205091840 Internal Server Error: /
Traceback (most recent call last):
  File "/Users/denisburguto/Library/Python/3.9/lib/python/site-packages/django/core/handlers/exception.py", line 55, in inner
    response = get_response(request)
  File "/Users/denisburguto/Library/Python/3.9/lib/python/site-packages/django/core/handlers/base.py", line 197, in _get_response
    response = wrapped_callback(request, *callback_args, **callback_kwargs)
  File "/Users/denisburguto/test2django/test_project/testapp/views.py", line 9, in index
    logger.log('we')
TypeError: log() missing 1 required positional argument: 'msg'
ERROR 2024-03-28 05:48:24,245 basehttp 7500 6205091840 "GET / HTTP/1.1" 500 64731
INFO 2024-03-28 05:48:48,615 autoreload 7500 8444754624 /Users/denisburguto/test2django/test_project/testapp/views.py changed, reloading.
INFO 2024-03-28 05:48:48,803 autoreload 7510 8444754624 Watching for file changes with StatReloader
ERROR 2024-03-28 05:48:49,827 log 7510 6200799232 Internal Server Error: /
Traceback (most recent call last):
  File "/Users/denisburguto/Library/Python/3.9/lib/python/site-packages/django/core/handlers/exception.py", line 55, in inner
    response = get_response(request)
  File "/Users/denisburguto/Library/Python/3.9/lib/python/site-packages/django/core/handlers/base.py", line 197, in _get_response
    response = wrapped_callback(request, *callback_args, **callback_kwargs)
  File "/Users/denisburguto/test2django/test_project/testapp/views.py", line 9, in index
    logger.log(msg='e')
TypeError: log() missing 1 required positional argument: 'level'
ERROR 2024-03-28 05:48:49,828 basehttp 7510 6200799232 "GET / HTTP/1.1" 500 64745
INFO 2024-03-28 05:49:37,565 autoreload 7510 8444754624 /Users/denisburguto/test2django/test_project/testapp/views.py changed, reloading.
INFO 2024-03-28 05:49:37,752 autoreload 7526 8444754624 Watching for file changes with StatReloader
ERROR 2024-03-28 05:49:39,021 log 7526 6203781120 Internal Server Error: /
Traceback (most recent call last):
  File "/Users/denisburguto/Library/Python/3.9/lib/python/site-packages/django/core/handlers/exception.py", line 55, in inner
    response = get_response(request)
  File "/Users/denisburguto/Library/Python/3.9/lib/python/site-packages/django/core/handlers/base.py", line 197, in _get_response
    response = wrapped_callback(request, *callback_args, **callback_kwargs)
  File "/Users/denisburguto/test2django/test_project/testapp/views.py", line 9, in index
    logger.log(msg='e', level="info")
  File "/Library/Developer/CommandLineTools/Library/Frameworks/Python3.framework/Versions/3.9/lib/python3.9/logging/__init__.py", line 1508, in log
    raise TypeError("level must be an integer")
TypeError: level must be an integer
ERROR 2024-03-28 05:49:39,022 basehttp 7526 6203781120 "GET / HTTP/1.1" 500 68958
INFO 2024-03-28 05:49:51,077 autoreload 7526 8444754624 /Users/denisburguto/test2django/test_project/testapp/views.py changed, reloading.
INFO 2024-03-28 05:49:51,266 autoreload 7533 8444754624 Watching for file changes with StatReloader
INFO 2024-03-28 05:49:52,418 basehttp 7533 6135427072 "GET / HTTP/1.1" 200 13
INFO 2024-03-28 05:50:47,267 autoreload 7533 8444754624 /Users/denisburguto/test2django/test_project/testapp/views.py changed, reloading.
INFO 2024-03-28 05:50:47,458 autoreload 7542 8444754624 Watching for file changes with StatReloader
INFO 2024-03-28 05:54:14,946 autoreload 7542 8444754624 /Users/denisburguto/test2django/test_project/test_project/settings.py changed, reloading.
INFO 2024-03-28 05:54:15,288 autoreload 7650 8444754624 Watching for file changes with StatReloader
INFO 2024-03-28 05:54:16,312 basehttp 7650 6201683968 "GET / HTTP/1.1" 200 13
INFO 2024-03-28 05:55:09,088 autoreload 7650 8444754624 /Users/denisburguto/test2django/test_project/testapp/views.py changed, reloading.
INFO 2024-03-28 05:55:09,282 autoreload 7667 8444754624 Watching for file changes with StatReloader
INFO 2024-03-28 05:55:10,753 views 7667 6167064576 Index page accessed
INFO 2024-03-28 05:55:10,754 basehttp 7667 6167064576 "GET / HTTP/1.1" 200 13
INFO 2024-03-28 06:03:40,541 autoreload 7837 8444754624 Watching for file changes with StatReloader
INFO 2024-03-28 06:03:42,369 views 7837 6203617280 Index page accessed
INFO 2024-03-28 06:03:42,370 basehttp 7837 6203617280 "GET / HTTP/1.1" 200 13
INFO 2024-03-30 04:08:44,982 autoreload 11036 8444754624 Watching for file changes with StatReloader
INFO 2024-03-30 04:09:08,020 autoreload 11083 8444754624 Watching for file changes with StatReloader
INFO 2024-03-30 04:09:13,850 views 11083 6133035008 Index page accessed
INFO 2024-03-30 04:09:13,851 basehttp 11083 6133035008 "GET / HTTP/1.1" 200 13
INFO 2024-03-30 04:14:59,071 autoreload 11154 8444754624 Watching for file changes with StatReloader
INFO 2024-03-30 06:49:26,183 autoreload 14734 8444754624 Watching for file changes with StatReloader
INFO 2024-03-30 06:51:40,712 autoreload 14927 8444754624 Watching for file changes with StatReloader
INFO 2024-03-30 07:28:29,988 autoreload 14927 8444754624 /Users/denisburguto/test2django/test_project/testapp2/models.py changed, reloading.
INFO 2024-03-30 07:28:30,277 autoreload 15412 8444754624 Watching for file changes with StatReloader
INFO 2024-04-02 05:58:26,149 autoreload 25731 8444820160 Watching for file changes with StatReloader
INFO 2024-04-02 05:59:11,276 autoreload 25790 8444820160 Watching for file changes with StatReloader
INFO 2024-04-02 05:59:35,352 autoreload 25821 8444820160 Watching for file changes with StatReloader
INFO 2024-04-02 06:00:32,946 autoreload 25879 8444820160 Watching for file changes with StatReloader
INFO 2024-04-02 06:01:21,577 autoreload 25962 8444820160 Watching for file changes with StatReloader
INFO 2024-04-02 13:57:26,555 autoreload 20380 8444754624 Watching for file changes with StatReloader
INFO 2024-04-02 13:57:52,931 autoreload 20380 8444754624 /Users/denisburguto/test2django/test_project/test_project/urls.py changed, reloading.
INFO 2024-04-02 13:57:53,169 autoreload 20388 8444754624 Watching for file changes with StatReloader
INFO 2024-04-02 13:58:02,303 autoreload 20388 8444754624 /Users/denisburguto/test2django/test_project/test_project/urls.py changed, reloading.
INFO 2024-04-02 13:58:02,520 autoreload 20394 8444754624 Watching for file changes with StatReloader
INFO 2024-04-02 13:59:04,426 autoreload 20394 8444754624 /Users/denisburguto/test2django/test_project/testapp3/views.py changed, reloading.
INFO 2024-04-02 13:59:04,680 autoreload 20409 8444754624 Watching for file changes with StatReloader
INFO 2024-04-02 13:59:10,850 autoreload 20409 8444754624 /Users/denisburguto/test2django/test_project/testapp3/urls.py changed, reloading.
INFO 2024-04-02 13:59:11,040 autoreload 20418 8444754624 Watching for file changes with StatReloader
INFO 2024-04-02 14:00:03,212 autoreload 20451 8444754624 Watching for file changes with StatReloader
INFO 2024-04-02 14:00:19,377 autoreload 20490 8444754624 Watching for file changes with StatReloader
INFO 2024-04-02 14:00:20,946 views 20490 6155235328 Index page accessed
INFO 2024-04-02 14:00:20,946 basehttp 20490 6155235328 "GET / HTTP/1.1" 200 13
WARNING 2024-04-02 14:00:20,989 log 20490 6172061696 Not Found: /apple-touch-icon-precomposed.png
WARNING 2024-04-02 14:00:20,989 basehttp 20490 6172061696 "GET /apple-touch-icon-precomposed.png HTTP/1.1" 404 2613
WARNING 2024-04-02 14:00:20,992 log 20490 6172061696 Not Found: /apple-touch-icon.png
WARNING 2024-04-02 14:00:20,992 basehttp 20490 6172061696 "GET /apple-touch-icon.png HTTP/1.1" 404 2577
WARNING 2024-04-02 14:00:21,022 log 20490 6155235328 Not Found: /favicon.ico
WARNING 2024-04-02 14:00:21,022 basehttp 20490 6155235328 "GET /favicon.ico HTTP/1.1" 404 2550
INFO 2024-04-02 14:00:42,319 basehttp 20490 6155235328 "GET /three/hello HTTP/1.1" 301 0
INFO 2024-04-02 14:00:42,335 basehttp 20490 6155235328 "GET /three/hello/ HTTP/1.1" 200 26
INFO 2024-04-02 14:01:07,187 basehttp 20490 6155235328 "GET /three/hello_class HTTP/1.1" 301 0
ERROR 2024-04-02 14:01:07,228 log 20490 6155235328 Internal Server Error: /three/hello_class/
Traceback (most recent call last):
  File "/Users/denisburguto/Library/Python/3.9/lib/python/site-packages/django/core/handlers/exception.py", line 55, in inner
    response = get_response(request)
  File "/Users/denisburguto/Library/Python/3.9/lib/python/site-packages/django/core/handlers/base.py", line 197, in _get_response
    response = wrapped_callback(request, *callback_args, **callback_kwargs)
TypeError: as_view() takes 1 positional argument but 2 were given
ERROR 2024-04-02 14:01:07,229 basehttp 20490 6155235328 "GET /three/hello_class/ HTTP/1.1" 500 62088
INFO 2024-04-02 14:01:19,665 autoreload 20490 8444754624 /Users/denisburguto/test2django/test_project/testapp3/urls.py changed, reloading.
INFO 2024-04-02 14:01:19,934 autoreload 20502 8444754624 Watching for file changes with StatReloader
INFO 2024-04-02 14:01:23,068 basehttp 20502 6194229248 "GET /three/hello_class/ HTTP/1.1" 200 23
INFO 2024-04-02 14:05:23,164 views 20502 6194229248 Index page accessed
INFO 2024-04-02 14:05:23,165 basehttp 20502 6194229248 "GET / HTTP/1.1" 200 13
INFO 2024-04-02 14:05:32,539 views 20502 6194229248 Index page accessed
INFO 2024-04-02 14:05:32,540 basehttp 20502 6194229248 "GET / HTTP/1.1" 200 13
INFO 2024-04-02 14:05:34,022 basehttp 20502 6194229248 "GET /three/hello_class/ HTTP/1.1" 200 23
INFO 2024-04-02 14:05:41,516 basehttp 20502 6194229248 "GET /three/hello_class/ HTTP/1.1" 200 23
WARNING 2024-04-02 14:05:42,798 log 20502 6194229248 Not Found: /three
WARNING 2024-04-02 14:05:42,798 basehttp 20502 6194229248 "GET /three HTTP/1.1" 404 2532
INFO 2024-04-02 14:05:51,164 basehttp 20502 6194229248 "GET /three/hello_class/ HTTP/1.1" 200 23
INFO 2024-04-02 14:05:55,546 basehttp 20502 6194229248 "GET /three/hello_class/ HTTP/1.1" 200 23
WARNING 2024-04-02 14:05:57,166 log 20502 6194229248 Not Found: /three/
WARNING 2024-04-02 14:05:57,166 basehttp 20502 6194229248 "GET /three/ HTTP/1.1" 404 2786
INFO 2024-04-02 14:15:36,956 autoreload 20502 8444754624 /Users/denisburguto/test2django/test_project/testapp3/views.py changed, reloading.
INFO 2024-04-02 14:15:37,265 autoreload 20596 8444754624 Watching for file changes with StatReloader
INFO 2024-04-02 14:19:49,955 autoreload 20596 8444754624 /Users/denisburguto/test2django/test_project/testapp3/views.py changed, reloading.
INFO 2024-04-02 14:19:50,228 autoreload 20634 8444754624 Watching for file changes with StatReloader
INFO 2024-04-02 14:20:48,077 autoreload 20634 8444754624 /Users/denisburguto/test2django/test_project/testapp3/urls.py changed, reloading.
INFO 2024-04-02 14:20:48,264 autoreload 20660 8444754624 Watching for file changes with StatReloader
INFO 2024-04-02 14:20:50,044 views 20660 6132051968 Index page accessed
INFO 2024-04-02 14:20:50,044 basehttp 20660 6132051968 "GET / HTTP/1.1" 200 13
INFO 2024-04-02 14:21:05,566 views 20660 6132051968 Index page accessed
INFO 2024-04-02 14:21:05,566 basehttp 20660 6132051968 "GET / HTTP/1.1" 200 13
WARNING 2024-04-02 14:21:29,297 log 20660 6132051968 Not Found: /three/posts
WARNING 2024-04-02 14:21:29,298 basehttp 20660 6132051968 "GET /three/posts HTTP/1.1" 404 3440
INFO 2024-04-02 14:21:37,521 basehttp 20660 6132051968 "GET /three/posts/2022 HTTP/1.1" 301 0
INFO 2024-04-02 14:21:37,539 basehttp 20660 6132051968 "GET /three/posts/2022/ HTTP/1.1" 200 19
INFO 2024-04-02 14:21:42,230 basehttp 20660 6132051968 "GET /three/posts/2022/4 HTTP/1.1" 301 0
INFO 2024-04-02 14:21:42,249 basehttp 20660 6132051968 "GET /three/posts/2022/4/ HTTP/1.1" 200 21
INFO 2024-04-02 14:21:50,769 basehttp 20660 6132051968 "GET /three/posts/2022/4/java HTTP/1.1" 301 0
INFO 2024-04-02 14:21:50,786 basehttp 20660 6132051968 "GET /three/posts/2022/4/java/ HTTP/1.1" 200 364
INFO 2024-04-02 14:22:48,576 autoreload 20660 8444754624 /Users/denisburguto/test2django/test_project/testapp3/views.py changed, reloading.
INFO 2024-04-02 14:22:48,841 autoreload 20674 8444754624 Watching for file changes with StatReloader
INFO 2024-04-02 14:22:53,639 basehttp 20674 6167162880 "GET /three/posts/2022/4/java/ HTTP/1.1" 200 856
INFO 2024-04-02 14:23:11,393 autoreload 20674 8444754624 /Users/denisburguto/test2django/test_project/testapp3/views.py changed, reloading.
INFO 2024-04-02 14:23:11,575 autoreload 20682 8444754624 Watching for file changes with StatReloader
INFO 2024-04-02 14:23:16,095 basehttp 20682 6200651776 "GET /three/posts/2022/4/java/ HTTP/1.1" 200 364
INFO 2024-04-02 14:23:55,223 basehttp 20682 6217478144 "GET /three/posts/2022/4/java/ HTTP/1.1" 200 364
WARNING 2024-04-02 14:23:55,282 log 20682 6217478144 Not Found: /favicon.ico
WARNING 2024-04-02 14:23:55,282 basehttp 20682 6217478144 "GET /favicon.ico HTTP/1.1" 404 2550
INFO 2024-04-02 14:33:45,062 autoreload 20682 8444754624 /Users/denisburguto/test2django/test_project/testapp3/views.py changed, reloading.
INFO 2024-04-02 14:33:45,344 autoreload 20868 8444754624 Watching for file changes with StatReloader
INFO 2024-04-02 14:33:51,202 basehttp 20868 6157430784 "GET /three/posts/2022/4/java/ HTTP/1.1" 200 364
INFO 2024-04-02 14:33:52,602 basehttp 20868 6157430784 "GET /three/posts/2022/ HTTP/1.1" 200 19
INFO 2024-04-02 14:33:54,760 basehttp 20868 6157430784 "GET /three/posts/2022/ HTTP/1.1" 200 19
INFO 2024-04-02 14:33:55,211 basehttp 20868 6157430784 "GET /three/hello_class/ HTTP/1.1" 200 23
ERROR 2024-04-02 14:33:58,668 log 20868 6157430784 Internal Server Error: /three/my/den
Traceback (most recent call last):
  File "/Users/denisburguto/Library/Python/3.9/lib/python/site-packages/django/core/handlers/exception.py", line 55, in inner
    response = get_response(request)
  File "/Users/denisburguto/Library/Python/3.9/lib/python/site-packages/django/core/handlers/base.py", line 197, in _get_response
    response = wrapped_callback(request, *callback_args, **callback_kwargs)
  File "/Users/denisburguto/test2django/test_project/testapp3/views.py", line 43, in my_view
    return render(request, "testapp3/my_temp.html", context)
  File "/Users/denisburguto/Library/Python/3.9/lib/python/site-packages/django/shortcuts.py", line 24, in render
    content = loader.render_to_string(template_name, context, request, using=using)
  File "/Users/denisburguto/Library/Python/3.9/lib/python/site-packages/django/template/loader.py", line 61, in render_to_string
    template = get_template(template_name, using=using)
  File "/Users/denisburguto/Library/Python/3.9/lib/python/site-packages/django/template/loader.py", line 19, in get_template
    raise TemplateDoesNotExist(template_name, chain=chain)
django.template.exceptions.TemplateDoesNotExist: testapp3/my_temp.html
ERROR 2024-04-02 14:33:58,670 basehttp 20868 6157430784 "GET /three/my/den HTTP/1.1" 500 79128
ERROR 2024-04-02 14:37:32,395 log 20868 6157430784 Internal Server Error: /three/my/den
Traceback (most recent call last):
  File "/Users/denisburguto/Library/Python/3.9/lib/python/site-packages/django/core/handlers/exception.py", line 55, in inner
    response = get_response(request)
  File "/Users/denisburguto/Library/Python/3.9/lib/python/site-packages/django/core/handlers/base.py", line 197, in _get_response
    response = wrapped_callback(request, *callback_args, **callback_kwargs)
  File "/Users/denisburguto/test2django/test_project/testapp3/views.py", line 43, in my_view
    return render(request, "testapp3/my_temp.html", context)
  File "/Users/denisburguto/Library/Python/3.9/lib/python/site-packages/django/shortcuts.py", line 24, in render
    content = loader.render_to_string(template_name, context, request, using=using)
  File "/Users/denisburguto/Library/Python/3.9/lib/python/site-packages/django/template/loader.py", line 61, in render_to_string
    template = get_template(template_name, using=using)
  File "/Users/denisburguto/Library/Python/3.9/lib/python/site-packages/django/template/loader.py", line 19, in get_template
    raise TemplateDoesNotExist(template_name, chain=chain)
django.template.exceptions.TemplateDoesNotExist: testapp3/my_temp.html
ERROR 2024-04-02 14:37:32,396 basehttp 20868 6157430784 "GET /three/my/den HTTP/1.1" 500 79128
INFO 2024-04-02 14:37:40,545 autoreload 20915 8444754624 Watching for file changes with StatReloader
ERROR 2024-04-02 14:37:43,888 log 20915 6164508672 Internal Server Error: /three/my/den
Traceback (most recent call last):
  File "/Users/denisburguto/Library/Python/3.9/lib/python/site-packages/django/core/handlers/exception.py", line 55, in inner
    response = get_response(request)
  File "/Users/denisburguto/Library/Python/3.9/lib/python/site-packages/django/core/handlers/base.py", line 197, in _get_response
    response = wrapped_callback(request, *callback_args, **callback_kwargs)
  File "/Users/denisburguto/test2django/test_project/testapp3/views.py", line 43, in my_view
    return render(request, "testapp3/my_temp.html", context)
  File "/Users/denisburguto/Library/Python/3.9/lib/python/site-packages/django/shortcuts.py", line 24, in render
    content = loader.render_to_string(template_name, context, request, using=using)
  File "/Users/denisburguto/Library/Python/3.9/lib/python/site-packages/django/template/loader.py", line 61, in render_to_string
    template = get_template(template_name, using=using)
  File "/Users/denisburguto/Library/Python/3.9/lib/python/site-packages/django/template/loader.py", line 19, in get_template
    raise TemplateDoesNotExist(template_name, chain=chain)
django.template.exceptions.TemplateDoesNotExist: testapp3/my_temp.html
ERROR 2024-04-02 14:37:43,892 basehttp 20915 6164508672 "GET /three/my/den HTTP/1.1" 500 79128
ERROR 2024-04-02 14:37:48,171 log 20915 6164508672 Internal Server Error: /three/my/den
Traceback (most recent call last):
  File "/Users/denisburguto/Library/Python/3.9/lib/python/site-packages/django/core/handlers/exception.py", line 55, in inner
    response = get_response(request)
  File "/Users/denisburguto/Library/Python/3.9/lib/python/site-packages/django/core/handlers/base.py", line 197, in _get_response
    response = wrapped_callback(request, *callback_args, **callback_kwargs)
  File "/Users/denisburguto/test2django/test_project/testapp3/views.py", line 43, in my_view
    return render(request, "testapp3/my_temp.html", context)
  File "/Users/denisburguto/Library/Python/3.9/lib/python/site-packages/django/shortcuts.py", line 24, in render
    content = loader.render_to_string(template_name, context, request, using=using)
  File "/Users/denisburguto/Library/Python/3.9/lib/python/site-packages/django/template/loader.py", line 61, in render_to_string
    template = get_template(template_name, using=using)
  File "/Users/denisburguto/Library/Python/3.9/lib/python/site-packages/django/template/loader.py", line 19, in get_template
    raise TemplateDoesNotExist(template_name, chain=chain)
django.template.exceptions.TemplateDoesNotExist: testapp3/my_temp.html
ERROR 2024-04-02 14:37:48,171 basehttp 20915 6164508672 "GET /three/my/den HTTP/1.1" 500 79128
WARNING 2024-04-02 14:37:49,310 log 20915 6164508672 Not Found: /three/my/
WARNING 2024-04-02 14:37:49,311 basehttp 20915 6164508672 "GET /three/my/ HTTP/1.1" 404 3617
ERROR 2024-04-02 14:37:57,167 log 20915 6164508672 Internal Server Error: /three/my/we
Traceback (most recent call last):
  File "/Users/denisburguto/Library/Python/3.9/lib/python/site-packages/django/core/handlers/exception.py", line 55, in inner
    response = get_response(request)
  File "/Users/denisburguto/Library/Python/3.9/lib/python/site-packages/django/core/handlers/base.py", line 197, in _get_response
    response = wrapped_callback(request, *callback_args, **callback_kwargs)
  File "/Users/denisburguto/test2django/test_project/testapp3/views.py", line 43, in my_view
    return render(request, "testapp3/my_temp.html", context)
  File "/Users/denisburguto/Library/Python/3.9/lib/python/site-packages/django/shortcuts.py", line 24, in render
    content = loader.render_to_string(template_name, context, request, using=using)
  File "/Users/denisburguto/Library/Python/3.9/lib/python/site-packages/django/template/loader.py", line 61, in render_to_string
    template = get_template(template_name, using=using)
  File "/Users/denisburguto/Library/Python/3.9/lib/python/site-packages/django/template/loader.py", line 19, in get_template
    raise TemplateDoesNotExist(template_name, chain=chain)
django.template.exceptions.TemplateDoesNotExist: testapp3/my_temp.html
ERROR 2024-04-02 14:37:57,167 basehttp 20915 6164508672 "GET /three/my/we HTTP/1.1" 500 79111
INFO 2024-04-02 14:38:15,380 autoreload 20915 8444754624 /Users/denisburguto/test2django/test_project/testapp3/views.py changed, reloading.
INFO 2024-04-02 14:38:15,567 autoreload 20922 8444754624 Watching for file changes with StatReloader
ERROR 2024-04-02 14:38:19,087 log 20922 6135607296 Internal Server Error: /three/my/we
Traceback (most recent call last):
  File "/Users/denisburguto/Library/Python/3.9/lib/python/site-packages/django/core/handlers/exception.py", line 55, in inner
    response = get_response(request)
  File "/Users/denisburguto/Library/Python/3.9/lib/python/site-packages/django/core/handlers/base.py", line 197, in _get_response
    response = wrapped_callback(request, *callback_args, **callback_kwargs)
  File "/Users/denisburguto/test2django/test_project/testapp3/views.py", line 43, in my_view
    return render(request, "/testapp3/my_temp.html", context)
  File "/Users/denisburguto/Library/Python/3.9/lib/python/site-packages/django/shortcuts.py", line 24, in render
    content = loader.render_to_string(template_name, context, request, using=using)
  File "/Users/denisburguto/Library/Python/3.9/lib/python/site-packages/django/template/loader.py", line 61, in render_to_string
    template = get_template(template_name, using=using)
  File "/Users/denisburguto/Library/Python/3.9/lib/python/site-packages/django/template/loader.py", line 19, in get_template
    raise TemplateDoesNotExist(template_name, chain=chain)
django.template.exceptions.TemplateDoesNotExist: /testapp3/my_temp.html
ERROR 2024-04-02 14:38:19,090 basehttp 20922 6135607296 "GET /three/my/we HTTP/1.1" 500 77954
INFO 2024-04-02 14:40:20,666 autoreload 20962 8444754624 Watching for file changes with StatReloader
ERROR 2024-04-02 14:40:24,615 log 20962 6132183040 Internal Server Error: /three/my/we
Traceback (most recent call last):
  File "/Users/denisburguto/Library/Python/3.9/lib/python/site-packages/django/core/handlers/exception.py", line 55, in inner
    response = get_response(request)
  File "/Users/denisburguto/Library/Python/3.9/lib/python/site-packages/django/core/handlers/base.py", line 197, in _get_response
    response = wrapped_callback(request, *callback_args, **callback_kwargs)
  File "/Users/denisburguto/test2django/test_project/testapp3/views.py", line 43, in my_view
    return render(request, "/testapp3/my_temp.html", context)
  File "/Users/denisburguto/Library/Python/3.9/lib/python/site-packages/django/shortcuts.py", line 24, in render
    content = loader.render_to_string(template_name, context, request, using=using)
  File "/Users/denisburguto/Library/Python/3.9/lib/python/site-packages/django/template/loader.py", line 61, in render_to_string
    template = get_template(template_name, using=using)
  File "/Users/denisburguto/Library/Python/3.9/lib/python/site-packages/django/template/loader.py", line 19, in get_template
    raise TemplateDoesNotExist(template_name, chain=chain)
django.template.exceptions.TemplateDoesNotExist: /testapp3/my_temp.html
ERROR 2024-04-02 14:40:24,619 basehttp 20962 6132183040 "GET /three/my/we HTTP/1.1" 500 77954
ERROR 2024-04-02 14:40:33,331 log 20962 6132183040 Internal Server Error: /three/my/we
Traceback (most recent call last):
  File "/Users/denisburguto/Library/Python/3.9/lib/python/site-packages/django/core/handlers/exception.py", line 55, in inner
    response = get_response(request)
  File "/Users/denisburguto/Library/Python/3.9/lib/python/site-packages/django/core/handlers/base.py", line 197, in _get_response
    response = wrapped_callback(request, *callback_args, **callback_kwargs)
  File "/Users/denisburguto/test2django/test_project/testapp3/views.py", line 43, in my_view
    return render(request, "/testapp3/my_temp.html", context)
  File "/Users/denisburguto/Library/Python/3.9/lib/python/site-packages/django/shortcuts.py", line 24, in render
    content = loader.render_to_string(template_name, context, request, using=using)
  File "/Users/denisburguto/Library/Python/3.9/lib/python/site-packages/django/template/loader.py", line 61, in render_to_string
    template = get_template(template_name, using=using)
  File "/Users/denisburguto/Library/Python/3.9/lib/python/site-packages/django/template/loader.py", line 19, in get_template
    raise TemplateDoesNotExist(template_name, chain=chain)
django.template.exceptions.TemplateDoesNotExist: /testapp3/my_temp.html
ERROR 2024-04-02 14:40:33,332 basehttp 20962 6132183040 "GET /three/my/we HTTP/1.1" 500 77954
INFO 2024-04-02 14:40:55,396 autoreload 20962 8444754624 /Users/denisburguto/test2django/test_project/testapp3/views.py changed, reloading.
INFO 2024-04-02 14:40:55,563 autoreload 20971 8444754624 Watching for file changes with StatReloader
INFO 2024-04-02 14:40:58,426 basehttp 20971 6171488256 "GET /three/my/we HTTP/1.1" 200 171
INFO 2024-04-02 14:41:03,152 basehttp 20971 6171488256 "GET /three/my/we HTTP/1.1" 200 171
INFO 2024-04-02 14:41:07,306 basehttp 20971 6171488256 "GET /three/my/Marina! HTTP/1.1" 200 176
INFO 2024-04-02 14:41:14,383 basehttp 20971 6171488256 "GET /three/my/we HTTP/1.1" 200 171
INFO 2024-04-02 14:41:19,769 basehttp 20971 6171488256 "GET /three/my/we HTTP/1.1" 200 171
INFO 2024-04-02 14:41:22,568 basehttp 20971 6171488256 "GET /three/my/we HTTP/1.1" 200 171
INFO 2024-04-02 14:41:27,175 basehttp 20971 6171488256 "GET /three/my/we HTTP/1.1" 200 171
INFO 2024-04-02 14:41:30,129 basehttp 20971 6171488256 "GET /three/my/we HTTP/1.1" 200 171
INFO 2024-04-02 14:41:33,464 basehttp 20971 6171488256 "GET /three/my/%D0%9C%D0%B0%D1%80%D0%B8%D0%BD%D0%B0 HTTP/1.1" 200 181
INFO 2024-04-02 15:20:33,994 basehttp 20971 6171488256 "GET /three/my/we HTTP/1.1" 200 171
INFO 2024-04-02 15:20:45,913 basehttp 20971 6171488256 "GET /three/my/%D0%AD%D0%BB%D1%8C%D0%B2%D0%B8%D1%80%D0%B0 HTTP/1.1" 200 183
INFO 2024-04-02 15:46:33,024 autoreload 20971 8444754624 /Users/denisburguto/test2django/test_project/testapp3/views.py changed, reloading.
INFO 2024-04-02 15:46:33,322 autoreload 21541 8444754624 Watching for file changes with StatReloader
INFO 2024-04-02 15:46:35,074 views 21541 6129954816 Index page accessed
INFO 2024-04-02 15:46:35,074 basehttp 21541 6129954816 "GET / HTTP/1.1" 200 13
INFO 2024-04-02 15:46:38,355 views 21541 6129954816 Index page accessed
INFO 2024-04-02 15:46:38,356 basehttp 21541 6129954816 "GET / HTTP/1.1" 200 13
INFO 2024-04-02 15:46:41,055 views 21541 6129954816 Index page accessed
INFO 2024-04-02 15:46:41,055 basehttp 21541 6129954816 "GET / HTTP/1.1" 200 13
INFO 2024-04-02 15:46:41,950 basehttp 21541 6129954816 "GET /three/my/we HTTP/1.1" 200 171
INFO 2024-04-02 15:46:46,328 basehttp 21541 6129954816 "GET /three HTTP/1.1" 301 0
INFO 2024-04-02 15:46:46,344 basehttp 21541 6129954816 "GET /three/ HTTP/1.1" 200 291
INFO 2024-04-02 15:55:23,853 autoreload 21541 8444754624 /Users/denisburguto/test2django/test_project/testapp3/urls.py changed, reloading.
INFO 2024-04-02 15:55:24,100 autoreload 21611 8444754624 Watching for file changes with StatReloader
INFO 2024-04-02 15:55:28,718 basehttp 21611 6202683392 "GET /three/for HTTP/1.1" 301 0
ERROR 2024-04-02 15:55:28,746 log 21611 6202683392 Internal Server Error: /three/for/
Traceback (most recent call last):
  File "/Users/denisburguto/Library/Python/3.9/lib/python/site-packages/django/core/handlers/exception.py", line 55, in inner
    response = get_response(request)
  File "/Users/denisburguto/Library/Python/3.9/lib/python/site-packages/django/core/handlers/base.py", line 197, in _get_response
    response = wrapped_callback(request, *callback_args, **callback_kwargs)
  File "/Users/denisburguto/test2django/test_project/testapp3/views.py", line 64, in view_for
    return render(request, 'myapp3/templ_for.html', context)
  File "/Users/denisburguto/Library/Python/3.9/lib/python/site-packages/django/shortcuts.py", line 24, in render
    content = loader.render_to_string(template_name, context, request, using=using)
  File "/Users/denisburguto/Library/Python/3.9/lib/python/site-packages/django/template/loader.py", line 61, in render_to_string
    template = get_template(template_name, using=using)
  File "/Users/denisburguto/Library/Python/3.9/lib/python/site-packages/django/template/loader.py", line 19, in get_template
    raise TemplateDoesNotExist(template_name, chain=chain)
django.template.exceptions.TemplateDoesNotExist: myapp3/templ_for.html
ERROR 2024-04-02 15:55:28,749 basehttp 21611 6202683392 "GET /three/for/ HTTP/1.1" 500 81710
INFO 2024-04-02 15:56:16,067 autoreload 21611 8444754624 /Users/denisburguto/test2django/test_project/testapp3/views.py changed, reloading.
INFO 2024-04-02 15:56:16,233 autoreload 21635 8444754624 Watching for file changes with StatReloader
INFO 2024-04-02 15:56:20,257 basehttp 21635 6196637696 "GET /three/for/ HTTP/1.1" 200 955
INFO 2024-04-02 16:10:48,208 autoreload 21635 8444754624 /Users/denisburguto/test2django/test_project/testapp3/urls.py changed, reloading.
INFO 2024-04-02 16:10:48,465 autoreload 21770 8444754624 Watching for file changes with StatReloader
INFO 2024-04-02 16:10:50,099 views 21770 6164688896 Index page accessed
INFO 2024-04-02 16:10:50,099 basehttp 21770 6164688896 "GET / HTTP/1.1" 200 13
INFO 2024-04-02 16:10:53,183 views 21770 6164688896 Index page accessed
INFO 2024-04-02 16:10:53,184 basehttp 21770 6164688896 "GET / HTTP/1.1" 200 13
INFO 2024-04-02 16:10:56,859 basehttp 21770 6164688896 "GET /three/ HTTP/1.1" 200 291
INFO 2024-04-02 16:11:02,455 basehttp 21770 6164688896 "GET /three/index HTTP/1.1" 301 0
INFO 2024-04-02 16:11:02,475 basehttp 21770 6164688896 "GET /three/index/ HTTP/1.1" 200 180
INFO 2024-04-02 16:11:35,861 basehttp 21770 6164688896 "GET /three/about/ HTTP/1.1" 200 210
INFO 2024-04-02 16:12:11,210 basehttp 21770 6164688896 "GET /three/about/ HTTP/1.1" 200 210
INFO 2024-04-02 16:12:11,701 basehttp 21770 6164688896 "GET /three/ HTTP/1.1" 200 291
INFO 2024-04-02 16:12:12,478 basehttp 21770 6164688896 "GET /three/for/ HTTP/1.1" 200 955
INFO 2024-04-02 16:16:11,164 autoreload 21770 8444754624 /Users/denisburguto/test2django/test_project/test_project/settings.py changed, reloading.
INFO 2024-04-02 16:16:11,429 autoreload 21827 8444754624 Watching for file changes with StatReloader
INFO 2024-04-02 16:16:12,715 views 21827 6164361216 Index page accessed
INFO 2024-04-02 16:16:12,719 basehttp 21827 6164361216 "GET / HTTP/1.1" 200 13
INFO 2024-04-02 16:16:16,549 views 21827 6164361216 Index page accessed
INFO 2024-04-02 16:16:16,550 basehttp 21827 6164361216 "GET / HTTP/1.1" 200 13
INFO 2024-04-02 16:16:25,952 basehttp 21827 6164361216 "GET /three/ HTTP/1.1" 200 291
INFO 2024-04-02 16:16:26,820 basehttp 21827 6164361216 "GET /three/about/ HTTP/1.1" 200 210
INFO 2024-04-02 16:16:53,619 basehttp 21827 6164361216 "GET /three/about/ HTTP/1.1" 200 210
INFO 2024-04-02 16:16:54,345 basehttp 21827 6164361216 "GET /three/ HTTP/1.1" 200 291
INFO 2024-04-02 16:16:54,975 basehttp 21827 6164361216 "GET /three/index/ HTTP/1.1" 200 227
INFO 2024-04-02 16:19:18,826 autoreload 21827 8444754624 /Users/denisburguto/test2django/test_project/test_project/urls.py changed, reloading.
INFO 2024-04-02 16:19:19,096 autoreload 21865 8444754624 Watching for file changes with StatReloader
INFO 2024-04-02 16:19:20,613 basehttp 21865 6132232192 "GET / HTTP/1.1" 200 227
INFO 2024-04-02 16:20:07,050 autoreload 21865 8444754624 /Users/denisburguto/test2django/test_project/test_project/urls.py changed, reloading.
INFO 2024-04-02 16:20:07,236 autoreload 21872 8444754624 Watching for file changes with StatReloader
INFO 2024-04-02 16:20:19,450 autoreload 21872 8444754624 /Users/denisburguto/test2django/test_project/test_project/urls.py changed, reloading.
INFO 2024-04-02 16:20:19,635 autoreload 21883 8444754624 Watching for file changes with StatReloader
INFO 2024-04-02 16:30:07,224 autoreload 21883 8444754624 /Users/denisburguto/test2django/test_project/testapp3/models.py changed, reloading.
INFO 2024-04-02 16:30:07,522 autoreload 21976 8444754624 Watching for file changes with StatReloader
INFO 2024-04-02 16:43:16,038 autoreload 22952 8444754624 Watching for file changes with StatReloader
INFO 2024-04-02 16:58:29,057 autoreload 24598 8444754624 Watching for file changes with StatReloader
INFO 2024-04-02 16:58:56,624 autoreload 24663 8444754624 Watching for file changes with StatReloader
INFO 2024-04-02 16:59:00,025 basehttp 24663 6157856768 "GET / HTTP/1.1" 200 227
INFO 2024-04-02 17:04:57,457 autoreload 24663 8444754624 /Users/denisburguto/test2django/test_project/testapp3/views.py changed, reloading.
INFO 2024-04-02 17:04:57,723 autoreload 24720 8444754624 Watching for file changes with StatReloader
INFO 2024-04-02 17:12:02,034 autoreload 24720 8444754624 /Users/denisburguto/test2django/test_project/test_project/urls.py changed, reloading.
INFO 2024-04-02 17:12:02,294 autoreload 24794 8444754624 Watching for file changes with StatReloader
INFO 2024-04-02 17:12:24,699 basehttp 24794 6163017728 "GET / HTTP/1.1" 200 227
INFO 2024-04-02 17:12:28,771 basehttp 24794 6163017728 "GET / HTTP/1.1" 200 227
INFO 2024-04-02 17:12:30,294 basehttp 24794 6163017728 "GET /three/ HTTP/1.1" 200 291
INFO 2024-04-02 17:12:35,264 basehttp 24794 6163017728 "GET /three/ HTTP/1.1" 200 291
INFO 2024-04-02 17:12:37,007 basehttp 24794 6163017728 "GET /three/about/ HTTP/1.1" 200 210
INFO 2024-04-02 17:12:41,986 basehttp 24794 6163017728 "GET /three/author/2 HTTP/1.1" 301 0
INFO 2024-04-02 17:12:42,014 basehttp 24794 6163017728 "GET /three/author/2/ HTTP/1.1" 200 1082
INFO 2024-04-02 17:13:40,355 basehttp 24794 6163017728 "GET /three/author/2/ HTTP/1.1" 200 977
INFO 2024-04-02 17:13:45,687 basehttp 24794 6163017728 "GET /three/post/14/ HTTP/1.1" 200 640
INFO 2024-04-02 17:13:55,919 basehttp 24794 6163017728 "GET /three/post/11/ HTTP/1.1" 200 642
INFO 2024-04-02 17:17:12,096 basehttp 24794 6163017728 "GET /three/post/11/ HTTP/1.1" 200 642
WARNING 2024-04-02 17:17:21,083 log 24794 6163017728 Not Found: /three/post/50/
WARNING 2024-04-02 17:17:21,084 basehttp 24794 6163017728 "GET /three/post/50/ HTTP/1.1" 404 4646
INFO 2024-04-02 17:17:33,250 basehttp 24794 6163017728 "GET /three/post/4/ HTTP/1.1" 200 628
INFO 2024-04-02 17:17:42,837 basehttp 24794 6163017728 "GET /three/post/20/ HTTP/1.1" 200 646
INFO 2024-04-02 17:18:18,815 basehttp 24794 6163017728 "GET /three/post/22/ HTTP/1.1" 200 672
INFO 2024-04-07 09:04:17,449 autoreload 23300 8471935680 Watching for file changes with StatReloader
INFO 2024-04-07 09:04:59,131 autoreload 23384 8471935680 Watching for file changes with StatReloader
INFO 2024-04-07 09:05:03,015 basehttp 23384 6122844160 "GET / HTTP/1.1" 200 217
WARNING 2024-04-07 09:05:03,898 log 23384 6139670528 Not Found: /apple-touch-icon-precomposed.png
WARNING 2024-04-07 09:05:03,898 basehttp 23384 6139670528 "GET /apple-touch-icon-precomposed.png HTTP/1.1" 404 2592
WARNING 2024-04-07 09:05:03,910 log 23384 6139670528 Not Found: /apple-touch-icon.png
WARNING 2024-04-07 09:05:03,910 basehttp 23384 6139670528 "GET /apple-touch-icon.png HTTP/1.1" 404 2556
WARNING 2024-04-07 09:05:08,472 log 23384 6122844160 Not Found: /l4
WARNING 2024-04-07 09:05:08,473 basehttp 23384 6122844160 "GET /l4 HTTP/1.1" 404 2502
WARNING 2024-04-07 09:05:17,324 log 23384 6122844160 Not Found: /l4/
WARNING 2024-04-07 09:05:17,324 basehttp 23384 6122844160 "GET /l4/ HTTP/1.1" 404 2579
ERROR 2024-04-07 09:06:06,414 log 23384 6122844160 Internal Server Error: /l4/user/add/
Traceback (most recent call last):
  File "/Library/Frameworks/Python.framework/Versions/3.12/lib/python3.12/site-packages/django/core/handlers/exception.py", line 55, in inner
    response = get_response(request)
               ^^^^^^^^^^^^^^^^^^^^^
  File "/Library/Frameworks/Python.framework/Versions/3.12/lib/python3.12/site-packages/django/core/handlers/base.py", line 204, in _get_response
    self.check_response(response, callback)
  File "/Library/Frameworks/Python.framework/Versions/3.12/lib/python3.12/site-packages/django/core/handlers/base.py", line 332, in check_response
    raise ValueError(
ValueError: The view testapp4.views.user_form didn't return an HttpResponse object. It returned None instead.
ERROR 2024-04-07 09:06:06,425 basehttp 23384 6122844160 "GET /l4/user/add/ HTTP/1.1" 500 65448
INFO 2024-04-07 09:13:06,490 autoreload 23384 8471935680 /Users/denisburguto/test2django/test_project/testapp4/views.py changed, reloading.
INFO 2024-04-07 09:13:06,834 autoreload 23666 8471935680 Watching for file changes with StatReloader
INFO 2024-04-07 09:13:08,145 basehttp 23666 6203699200 "GET / HTTP/1.1" 200 217
INFO 2024-04-07 09:13:13,867 basehttp 23666 6203699200 "GET / HTTP/1.1" 200 217
INFO 2024-04-07 09:13:56,368 basehttp 23666 6203699200 "GET / HTTP/1.1" 200 217
INFO 2024-04-07 09:13:59,759 basehttp 23666 6203699200 "GET / HTTP/1.1" 200 217
INFO 2024-04-07 09:14:13,630 basehttp 23666 6203699200 "GET / HTTP/1.1" 200 217
ERROR 2024-04-07 09:14:14,951 log 23666 6203699200 Internal Server Error: /l4/user/add/
Traceback (most recent call last):
  File "/Library/Frameworks/Python.framework/Versions/3.12/lib/python3.12/site-packages/django/core/handlers/exception.py", line 55, in inner
    response = get_response(request)
               ^^^^^^^^^^^^^^^^^^^^^
  File "/Library/Frameworks/Python.framework/Versions/3.12/lib/python3.12/site-packages/django/core/handlers/base.py", line 197, in _get_response
    response = wrapped_callback(request, *callback_args, **callback_kwargs)
               ^^^^^^^^^^^^^^^^^^^^^^^^^^^^^^^^^^^^^^^^^^^^^^^^^^^^^^^^^^^^
  File "/Users/denisburguto/test2django/test_project/testapp4/views.py", line 19, in user_form
    return render(request, 'myapp4/user_form.html', {'form': form})
                                                             ^^^^
UnboundLocalError: cannot access local variable 'form' where it is not associated with a value
ERROR 2024-04-07 09:14:14,952 basehttp 23666 6203699200 "GET /l4/user/add/ HTTP/1.1" 500 64243
ERROR 2024-04-07 09:14:15,881 log 23666 6203699200 Internal Server Error: /l4/user/add/
Traceback (most recent call last):
  File "/Library/Frameworks/Python.framework/Versions/3.12/lib/python3.12/site-packages/django/core/handlers/exception.py", line 55, in inner
    response = get_response(request)
               ^^^^^^^^^^^^^^^^^^^^^
  File "/Library/Frameworks/Python.framework/Versions/3.12/lib/python3.12/site-packages/django/core/handlers/base.py", line 197, in _get_response
    response = wrapped_callback(request, *callback_args, **callback_kwargs)
               ^^^^^^^^^^^^^^^^^^^^^^^^^^^^^^^^^^^^^^^^^^^^^^^^^^^^^^^^^^^^
  File "/Users/denisburguto/test2django/test_project/testapp4/views.py", line 19, in user_form
    return render(request, 'myapp4/user_form.html', {'form': form})
                                                             ^^^^
UnboundLocalError: cannot access local variable 'form' where it is not associated with a value
ERROR 2024-04-07 09:14:15,882 basehttp 23666 6203699200 "GET /l4/user/add/ HTTP/1.1" 500 64243
INFO 2024-04-07 09:15:00,719 autoreload 23666 8471935680 /Users/denisburguto/test2django/test_project/testapp4/views.py changed, reloading.
INFO 2024-04-07 09:15:00,988 autoreload 23719 8471935680 Watching for file changes with StatReloader
INFO 2024-04-07 09:15:02,136 basehttp 23719 6171373568 "GET / HTTP/1.1" 200 217
INFO 2024-04-07 09:15:05,186 basehttp 23719 6171373568 "GET / HTTP/1.1" 200 217
ERROR 2024-04-07 09:15:08,343 log 23719 6171373568 Internal Server Error: /l4/user/add/
Traceback (most recent call last):
  File "/Library/Frameworks/Python.framework/Versions/3.12/lib/python3.12/site-packages/django/core/handlers/exception.py", line 55, in inner
    response = get_response(request)
               ^^^^^^^^^^^^^^^^^^^^^
  File "/Library/Frameworks/Python.framework/Versions/3.12/lib/python3.12/site-packages/django/core/handlers/base.py", line 197, in _get_response
    response = wrapped_callback(request, *callback_args, **callback_kwargs)
               ^^^^^^^^^^^^^^^^^^^^^^^^^^^^^^^^^^^^^^^^^^^^^^^^^^^^^^^^^^^^
  File "/Users/denisburguto/test2django/test_project/testapp4/views.py", line 19, in user_form
    return render(request, 'myapp4/user_form.html', {'form': form})
           ^^^^^^^^^^^^^^^^^^^^^^^^^^^^^^^^^^^^^^^^^^^^^^^^^^^^^^^^
  File "/Library/Frameworks/Python.framework/Versions/3.12/lib/python3.12/site-packages/django/shortcuts.py", line 25, in render
    content = loader.render_to_string(template_name, context, request, using=using)
              ^^^^^^^^^^^^^^^^^^^^^^^^^^^^^^^^^^^^^^^^^^^^^^^^^^^^^^^^^^^^^^^^^^^^^
  File "/Library/Frameworks/Python.framework/Versions/3.12/lib/python3.12/site-packages/django/template/loader.py", line 61, in render_to_string
    template = get_template(template_name, using=using)
               ^^^^^^^^^^^^^^^^^^^^^^^^^^^^^^^^^^^^^^^^
  File "/Library/Frameworks/Python.framework/Versions/3.12/lib/python3.12/site-packages/django/template/loader.py", line 19, in get_template
    raise TemplateDoesNotExist(template_name, chain=chain)
django.template.exceptions.TemplateDoesNotExist: myapp4/user_form.html
ERROR 2024-04-07 09:15:08,345 basehttp 23719 6171373568 "GET /l4/user/add/ HTTP/1.1" 500 80131
INFO 2024-04-07 09:15:41,856 autoreload 23719 8471935680 /Users/denisburguto/test2django/test_project/testapp4/views.py changed, reloading.
INFO 2024-04-07 09:15:42,123 autoreload 23743 8471935680 Watching for file changes with StatReloader
INFO 2024-04-07 09:15:45,680 basehttp 23743 6134575104 "GET /l4/user/add/ HTTP/1.1" 200 541
INFO 2024-04-07 09:29:22,739 basehttp 23743 6134575104 "GET / HTTP/1.1" 200 217
INFO 2024-04-07 09:29:26,032 basehttp 23743 6134575104 "GET / HTTP/1.1" 200 217
INFO 2024-04-07 09:29:32,033 basehttp 23743 6134575104 "GET /l4/user/add/ HTTP/1.1" 200 763
INFO 2024-04-07 09:29:40,460 basehttp 23743 6134575104 "POST /l4/user/add/ HTTP/1.1" 200 813
INFO 2024-04-07 09:29:41,761 basehttp 23743 6134575104 "POST /l4/user/add/ HTTP/1.1" 200 813
INFO 2024-04-07 09:30:29,402 basehttp 23743 6134575104 "POST /l4/user/add/ HTTP/1.1" 200 813
INFO 2024-04-07 09:30:29,907 basehttp 23743 6134575104 "POST /l4/user/add/ HTTP/1.1" 200 813
INFO 2024-04-07 09:30:30,061 basehttp 23743 6134575104 "POST /l4/user/add/ HTTP/1.1" 200 813
INFO 2024-04-07 09:30:30,196 basehttp 23743 6134575104 "POST /l4/user/add/ HTTP/1.1" 200 813
INFO 2024-04-07 09:30:30,312 basehttp 23743 6134575104 "POST /l4/user/add/ HTTP/1.1" 200 813
INFO 2024-04-07 09:30:32,918 basehttp 23743 6134575104 "POST /l4/user/add/ HTTP/1.1" 200 817
INFO 2024-04-07 09:30:33,254 basehttp 23743 6134575104 "POST /l4/user/add/ HTTP/1.1" 200 817
INFO 2024-04-07 09:30:33,389 basehttp 23743 6134575104 "POST /l4/user/add/ HTTP/1.1" 200 817
INFO 2024-04-07 09:30:39,792 basehttp 23743 6134575104 "POST /l4/user/add/ HTTP/1.1" 200 817
INFO 2024-04-07 09:31:20,965 autoreload 23743 8471935680 /Users/denisburguto/test2django/test_project/testapp4/views.py changed, reloading.
INFO 2024-04-07 09:31:21,264 autoreload 24193 8471935680 Watching for file changes with StatReloader
INFO 2024-04-07 09:31:26,394 basehttp 24193 6157578240 "POST /l4/user/add/ HTTP/1.1" 200 817
INFO 2024-04-07 09:32:07,984 autoreload 24193 8471935680 /Users/denisburguto/test2django/test_project/test_project/settings.py changed, reloading.
INFO 2024-04-07 09:32:08,280 autoreload 24218 8471935680 Watching for file changes with StatReloader
INFO 2024-04-07 09:32:11,460 views 24218 6203830272 Получили name='ыва', email='vel6545158@yandex.ru', age=1.
INFO 2024-04-07 09:32:11,476 basehttp 24218 6203830272 "POST /l4/user/add/ HTTP/1.1" 200 817
INFO 2024-04-07 09:46:36,933 autoreload 24218 8471935680 /Users/denisburguto/test2django/test_project/testapp4/forms.py changed, reloading.
INFO 2024-04-07 09:46:37,274 autoreload 24537 8471935680 Watching for file changes with StatReloader
INFO 2024-04-07 09:59:38,746 autoreload 24537 8471935680 /Users/denisburguto/test2django/test_project/testapp4/forms.py changed, reloading.
INFO 2024-04-07 09:59:39,083 autoreload 24873 8471935680 Watching for file changes with StatReloader
INFO 2024-04-07 09:59:59,435 autoreload 24873 8471935680 /Users/denisburguto/test2django/test_project/testapp4/forms.py changed, reloading.
INFO 2024-04-07 09:59:59,842 autoreload 24896 8471935680 Watching for file changes with StatReloader
INFO 2024-04-07 10:14:38,572 autoreload 24896 8471935680 /Users/denisburguto/test2django/test_project/testapp4/urls.py changed, reloading.
INFO 2024-04-07 10:14:38,860 autoreload 25239 8471935680 Watching for file changes with StatReloader
INFO 2024-04-07 10:16:13,352 autoreload 25239 8471935680 /Users/denisburguto/test2django/test_project/testapp4/views.py changed, reloading.
INFO 2024-04-07 10:16:13,687 autoreload 25295 8471935680 Watching for file changes with StatReloader
INFO 2024-04-07 10:17:52,920 basehttp 25295 6122385408 "GET / HTTP/1.1" 200 217
INFO 2024-04-07 10:17:56,104 basehttp 25295 6122385408 "GET / HTTP/1.1" 200 217
WARNING 2024-04-07 10:17:58,115 log 25295 6122385408 Not Found: /form
WARNING 2024-04-07 10:17:58,115 basehttp 25295 6122385408 "GET /form HTTP/1.1" 404 2508
WARNING 2024-04-07 10:18:03,479 log 25295 6122385408 Not Found: /fake_users/25
WARNING 2024-04-07 10:18:03,480 basehttp 25295 6122385408 "GET /fake_users/25 HTTP/1.1" 404 2535
INFO 2024-04-07 10:18:03,859 basehttp 25295 6122385408 "GET / HTTP/1.1" 200 217
INFO 2024-04-07 10:18:04,625 basehttp 25295 6122385408 "GET /l4/user/add/ HTTP/1.1" 200 763
WARNING 2024-04-07 10:18:07,273 log 25295 6122385408 Not Found: /l4.form
WARNING 2024-04-07 10:18:07,273 basehttp 25295 6122385408 "GET /l4.form HTTP/1.1" 404 2517
WARNING 2024-04-07 10:18:10,344 log 25295 6122385408 Not Found: /l4.form
WARNING 2024-04-07 10:18:10,344 basehttp 25295 6122385408 "GET /l4.form HTTP/1.1" 404 2517
INFO 2024-04-07 10:18:14,881 basehttp 25295 6122385408 "GET /l4/user/add/ HTTP/1.1" 200 763
INFO 2024-04-07 10:18:16,524 basehttp 25295 6122385408 "GET /l4/user/add/ HTTP/1.1" 200 763
INFO 2024-04-07 10:18:19,272 basehttp 25295 6122385408 "GET /l4/form HTTP/1.1" 301 0
ERROR 2024-04-07 10:18:19,313 log 25295 6122385408 Internal Server Error: /l4/form/
Traceback (most recent call last):
  File "/Library/Frameworks/Python.framework/Versions/3.12/lib/python3.12/site-packages/django/core/handlers/exception.py", line 55, in inner
    response = get_response(request)
               ^^^^^^^^^^^^^^^^^^^^^
  File "/Library/Frameworks/Python.framework/Versions/3.12/lib/python3.12/site-packages/django/core/handlers/base.py", line 197, in _get_response
    response = wrapped_callback(request, *callback_args, **callback_kwargs)
               ^^^^^^^^^^^^^^^^^^^^^^^^^^^^^^^^^^^^^^^^^^^^^^^^^^^^^^^^^^^^
  File "/Users/denisburguto/test2django/test_project/testapp4/views.py", line 30, in many_fields_form
    return render(request, 'testapp4/many_fields_form.html',
           ^^^^^^^^^^^^^^^^^^^^^^^^^^^^^^^^^^^^^^^^^^^^^^^^^
  File "/Library/Frameworks/Python.framework/Versions/3.12/lib/python3.12/site-packages/django/shortcuts.py", line 25, in render
    content = loader.render_to_string(template_name, context, request, using=using)
              ^^^^^^^^^^^^^^^^^^^^^^^^^^^^^^^^^^^^^^^^^^^^^^^^^^^^^^^^^^^^^^^^^^^^^
  File "/Library/Frameworks/Python.framework/Versions/3.12/lib/python3.12/site-packages/django/template/loader.py", line 61, in render_to_string
    template = get_template(template_name, using=using)
               ^^^^^^^^^^^^^^^^^^^^^^^^^^^^^^^^^^^^^^^^
  File "/Library/Frameworks/Python.framework/Versions/3.12/lib/python3.12/site-packages/django/template/loader.py", line 19, in get_template
    raise TemplateDoesNotExist(template_name, chain=chain)
django.template.exceptions.TemplateDoesNotExist: testapp4/many_fields_form.html
ERROR 2024-04-07 10:18:19,314 basehttp 25295 6122385408 "GET /l4/form/ HTTP/1.1" 500 80384
INFO 2024-04-07 10:18:38,172 autoreload 25295 8471935680 /Users/denisburguto/test2django/test_project/testapp4/views.py changed, reloading.
INFO 2024-04-07 10:18:38,485 autoreload 25358 8471935680 Watching for file changes with StatReloader
INFO 2024-04-07 10:18:40,471 basehttp 25358 6159560704 "GET /l4/form/ HTTP/1.1" 200 1257
INFO 2024-04-07 10:20:20,540 views 25358 6159560704 Получили form.cleaned_data={'name': 'dsf', 'email': 'vel6545158@yandex.ru', 'age': 33, 'height': 3.3, 'is_active': True, 'birthdate': datetime.date(2024, 4, 7)}.
INFO 2024-04-07 10:20:20,547 basehttp 25358 6159560704 "POST /l4/form/ HTTP/1.1" 200 1329
INFO 2024-04-07 10:20:41,320 views 25358 6159560704 Получили form.cleaned_data={'name': 'dsf', 'email': 'vel6545158@yandex.ru', 'age': 33, 'height': 3.3, 'is_active': True, 'birthdate': datetime.date(2024, 4, 7)}.
INFO 2024-04-07 10:20:41,324 basehttp 25358 6159560704 "POST /l4/form/ HTTP/1.1" 200 1329
INFO 2024-04-07 10:31:52,871 autoreload 25358 8471935680 /Users/denisburguto/test2django/test_project/testapp4/views.py changed, reloading.
INFO 2024-04-07 10:31:53,247 autoreload 25765 8471935680 Watching for file changes with StatReloader
INFO 2024-04-07 10:33:16,318 autoreload 25765 8471935680 /Users/denisburguto/test2django/test_project/testapp4/forms.py changed, reloading.
INFO 2024-04-07 10:33:16,638 autoreload 25834 8471935680 Watching for file changes with StatReloader
INFO 2024-04-07 10:41:56,148 autoreload 25834 8471935680 /Users/denisburguto/test2django/test_project/testapp4/views.py changed, reloading.
INFO 2024-04-07 10:41:56,448 autoreload 26045 8471935680 Watching for file changes with StatReloader
INFO 2024-04-07 10:41:57,762 basehttp 26045 6200406016 "GET / HTTP/1.1" 200 217
INFO 2024-04-07 10:42:01,062 basehttp 26045 6200406016 "GET / HTTP/1.1" 200 217
WARNING 2024-04-07 10:42:02,395 log 26045 6200406016 Not Found: /fake_users/25
WARNING 2024-04-07 10:42:02,395 basehttp 26045 6200406016 "GET /fake_users/25 HTTP/1.1" 404 2535
INFO 2024-04-07 10:42:03,439 basehttp 26045 6200406016 "GET / HTTP/1.1" 200 217
INFO 2024-04-07 10:42:04,370 basehttp 26045 6200406016 "GET /l4/user/add/ HTTP/1.1" 200 763
INFO 2024-04-07 10:42:08,060 basehttp 26045 6200406016 "GET /l4/form/ HTTP/1.1" 200 2072
INFO 2024-04-07 10:42:48,794 basehttp 26045 6200406016 "GET /l4/form/ HTTP/1.1" 200 2072
INFO 2024-04-07 10:45:11,777 autoreload 26045 8471935680 /Users/denisburguto/test2django/test_project/testapp4/forms.py changed, reloading.
INFO 2024-04-07 10:45:12,041 autoreload 26144 8471935680 Watching for file changes with StatReloader
INFO 2024-04-07 10:45:15,870 basehttp 26144 6161182720 "GET /l4/form/ HTTP/1.1" 200 2072
INFO 2024-04-07 10:55:39,046 autoreload 26144 8471935680 /Users/denisburguto/test2django/test_project/testapp4/forms.py changed, reloading.
INFO 2024-04-07 10:55:39,396 autoreload 26406 8471935680 Watching for file changes with StatReloader
INFO 2024-04-07 10:55:49,562 autoreload 26406 8471935680 /Users/denisburguto/test2django/test_project/testapp4/forms.py changed, reloading.
INFO 2024-04-07 10:55:49,858 autoreload 26418 8471935680 Watching for file changes with StatReloader
INFO 2024-04-07 10:56:37,403 autoreload 26418 8471935680 /Users/denisburguto/test2django/test_project/testapp4/forms.py changed, reloading.
INFO 2024-04-07 10:56:37,695 autoreload 26465 8471935680 Watching for file changes with StatReloader
INFO 2024-04-07 11:02:51,139 autoreload 26465 8471935680 /Users/denisburguto/test2django/test_project/testapp4/models.py changed, reloading.
INFO 2024-04-07 11:02:51,563 autoreload 26632 8471935680 Watching for file changes with StatReloader
INFO 2024-04-07 11:37:43,827 autoreload 27204 8471935680 Watching for file changes with StatReloader
INFO 2024-04-07 11:37:45,499 basehttp 27204 6165098496 "GET / HTTP/1.1" 200 217
INFO 2024-04-07 11:37:49,880 basehttp 27204 6165098496 "GET / HTTP/1.1" 200 217
INFO 2024-04-07 11:37:53,297 basehttp 27204 6165098496 "GET / HTTP/1.1" 200 217
INFO 2024-04-07 11:37:54,185 basehttp 27204 6165098496 "GET /l4/user/add/ HTTP/1.1" 200 763
INFO 2024-04-07 11:38:06,780 basehttp 27204 6165098496 "GET /l4/user/add/ HTTP/1.1" 200 763
INFO 2024-04-07 11:38:07,431 basehttp 27204 6165098496 "GET /l4/user/ HTTP/1.1" 200 763
INFO 2024-04-07 11:38:11,607 basehttp 27204 6165098496 "GET /l4/user/ HTTP/1.1" 200 763
INFO 2024-04-07 11:38:12,190 basehttp 27204 6165098496 "GET /l4/user HTTP/1.1" 301 0
INFO 2024-04-07 11:38:12,210 basehttp 27204 6165098496 "GET /l4/user/ HTTP/1.1" 200 763
INFO 2024-04-07 11:38:29,473 basehttp 27204 6165098496 "POST /l4/user/ HTTP/1.1" 200 922
INFO 2024-04-07 11:38:48,446 basehttp 27204 6165098496 "POST /l4/user/ HTTP/1.1" 200 918
INFO 2024-04-07 11:39:33,035 basehttp 27204 6165098496 "POST /l4/user/ HTTP/1.1" 200 918
INFO 2024-04-07 11:39:33,246 basehttp 27204 6165098496 "POST /l4/user/ HTTP/1.1" 200 918
INFO 2024-04-07 11:39:33,423 basehttp 27204 6165098496 "POST /l4/user/ HTTP/1.1" 200 918
INFO 2024-04-07 11:39:33,557 basehttp 27204 6165098496 "POST /l4/user/ HTTP/1.1" 200 918
INFO 2024-04-07 11:40:19,134 basehttp 27204 6165098496 "POST /l4/user/ HTTP/1.1" 200 918
INFO 2024-04-07 11:40:19,367 basehttp 27204 6165098496 "POST /l4/user/ HTTP/1.1" 200 918
INFO 2024-04-07 11:41:20,888 views 27204 6165098496 Получили name='test', email='vel6545158@vk.team', age=7.
INFO 2024-04-07 11:41:20,902 basehttp 27204 6165098496 "POST /l4/user/ HTTP/1.1" 200 813
INFO 2024-04-07 11:43:55,583 views 27204 6165098496 Получили name='test2', email='vel6545158@vk.team', age=7.
ERROR 2024-04-07 11:44:00,770 log 27204 6165098496 Internal Server Error: /l4/user/
Traceback (most recent call last):
  File "/Library/Frameworks/Python.framework/Versions/3.12/lib/python3.12/site-packages/django/db/utils.py", line 98, in inner
    return func(*args, **kwargs)
           ^^^^^^^^^^^^^^^^^^^^^
sqlite3.OperationalError: database is locked

The above exception was the direct cause of the following exception:

Traceback (most recent call last):
  File "/Library/Frameworks/Python.framework/Versions/3.12/lib/python3.12/site-packages/django/core/handlers/exception.py", line 55, in inner
    response = get_response(request)
               ^^^^^^^^^^^^^^^^^^^^^
  File "/Library/Frameworks/Python.framework/Versions/3.12/lib/python3.12/site-packages/django/core/handlers/base.py", line 197, in _get_response
    response = wrapped_callback(request, *callback_args, **callback_kwargs)
               ^^^^^^^^^^^^^^^^^^^^^^^^^^^^^^^^^^^^^^^^^^^^^^^^^^^^^^^^^^^^
  File "/Users/denisburguto/test2django/test_project/testapp4/views.py", line 45, in add_user
    user.save()
  File "/Library/Frameworks/Python.framework/Versions/3.12/lib/python3.12/site-packages/django/db/models/base.py", line 822, in save
    self.save_base(
  File "/Library/Frameworks/Python.framework/Versions/3.12/lib/python3.12/site-packages/django/db/models/base.py", line 909, in save_base
    updated = self._save_table(
              ^^^^^^^^^^^^^^^^^
  File "/Library/Frameworks/Python.framework/Versions/3.12/lib/python3.12/site-packages/django/db/models/base.py", line 1067, in _save_table
    results = self._do_insert(
              ^^^^^^^^^^^^^^^^
  File "/Library/Frameworks/Python.framework/Versions/3.12/lib/python3.12/site-packages/django/db/models/base.py", line 1108, in _do_insert
    return manager._insert(
           ^^^^^^^^^^^^^^^^
  File "/Library/Frameworks/Python.framework/Versions/3.12/lib/python3.12/site-packages/django/db/models/manager.py", line 87, in manager_method
    return getattr(self.get_queryset(), name)(*args, **kwargs)
           ^^^^^^^^^^^^^^^^^^^^^^^^^^^^^^^^^^^^^^^^^^^^^^^^^^^
  File "/Library/Frameworks/Python.framework/Versions/3.12/lib/python3.12/site-packages/django/db/models/query.py", line 1847, in _insert
    return query.get_compiler(using=using).execute_sql(returning_fields)
           ^^^^^^^^^^^^^^^^^^^^^^^^^^^^^^^^^^^^^^^^^^^^^^^^^^^^^^^^^^^^^
  File "/Library/Frameworks/Python.framework/Versions/3.12/lib/python3.12/site-packages/django/db/models/sql/compiler.py", line 1835, in execute_sql
    self.connection.ops.fetch_returned_insert_columns(
  File "/Library/Frameworks/Python.framework/Versions/3.12/lib/python3.12/site-packages/django/db/backends/base/operations.py", line 216, in fetch_returned_insert_columns
    return cursor.fetchone()
           ^^^^^^^^^^^^^^^^^
  File "/Library/Frameworks/Python.framework/Versions/3.12/lib/python3.12/site-packages/django/db/utils.py", line 97, in inner
    with self:
  File "/Library/Frameworks/Python.framework/Versions/3.12/lib/python3.12/site-packages/django/db/utils.py", line 91, in __exit__
    raise dj_exc_value.with_traceback(traceback) from exc_value
  File "/Library/Frameworks/Python.framework/Versions/3.12/lib/python3.12/site-packages/django/db/utils.py", line 98, in inner
    return func(*args, **kwargs)
           ^^^^^^^^^^^^^^^^^^^^^
django.db.utils.OperationalError: database is locked
ERROR 2024-04-07 11:44:00,775 basehttp 27204 6165098496 "POST /l4/user/ HTTP/1.1" 500 124234
INFO 2024-04-07 11:44:24,688 views 27204 6165098496 Получили name='test2', email='vel6545158@vk.team', age=7.
INFO 2024-04-07 11:44:24,703 basehttp 27204 6165098496 "POST /l4/user/ HTTP/1.1" 200 867
INFO 2024-04-07 11:45:33,446 basehttp 27204 6165098496 "GET /l4/user/ HTTP/1.1" 200 802
INFO 2024-04-07 11:52:35,069 autoreload 27204 8471935680 /Users/denisburguto/test2django/test_project/test_project/settings.py changed, reloading.
INFO 2024-04-07 11:52:35,398 autoreload 27681 8471935680 Watching for file changes with StatReloader
INFO 2024-04-07 11:54:00,888 autoreload 27681 8471935680 /Users/denisburguto/test2django/test_project/testapp4/forms.py changed, reloading.
INFO 2024-04-07 11:54:01,243 autoreload 27715 8471935680 Watching for file changes with StatReloader
INFO 2024-04-07 11:54:22,669 autoreload 27715 8471935680 /Users/denisburguto/test2django/test_project/testapp4/forms.py changed, reloading.
INFO 2024-04-07 11:54:22,980 autoreload 27733 8471935680 Watching for file changes with StatReloader
INFO 2024-04-07 11:55:11,746 autoreload 27733 8471935680 /Users/denisburguto/test2django/test_project/testapp4/views.py changed, reloading.
INFO 2024-04-07 11:55:12,069 autoreload 27759 8471935680 Watching for file changes with StatReloader
INFO 2024-04-07 11:58:09,938 autoreload 27759 8471935680 /Users/denisburguto/test2django/test_project/testapp4/urls.py changed, reloading.
INFO 2024-04-07 11:58:10,349 autoreload 27844 8471935680 Watching for file changes with StatReloader
INFO 2024-04-07 11:58:45,940 autoreload 27844 8471935680 /Users/denisburguto/test2django/test_project/testapp4/views.py changed, reloading.
INFO 2024-04-07 11:58:46,364 autoreload 27877 8471935680 Watching for file changes with StatReloader
INFO 2024-04-07 12:00:23,487 basehttp 27877 6189363200 "GET / HTTP/1.1" 200 217
INFO 2024-04-07 12:00:26,919 basehttp 27877 6189363200 "GET / HTTP/1.1" 200 217
INFO 2024-04-07 12:00:29,440 basehttp 27877 6189363200 "GET /l4/user/add/ HTTP/1.1" 200 773
INFO 2024-04-07 12:00:34,998 basehttp 27877 6189363200 "GET /l4/upload HTTP/1.1" 301 0
INFO 2024-04-07 12:00:35,019 basehttp 27877 6189363200 "GET /l4/upload/ HTTP/1.1" 200 574
INFO 2024-04-07 12:00:42,851 basehttp 27877 6189363200 "POST /l4/upload/ HTTP/1.1" 200 574
INFO 2024-04-10 04:18:57,498 autoreload 17867 8666905280 Watching for file changes with StatReloader
INFO 2024-04-10 04:21:56,877 autoreload 18148 8666905280 Watching for file changes with StatReloader
INFO 2024-04-10 04:21:59,824 basehttp 18148 6124662784 "GET / HTTP/1.1" 200 217
WARNING 2024-04-10 04:22:00,355 log 18148 6124662784 Not Found: /favicon.ico
WARNING 2024-04-10 04:22:00,356 basehttp 18148 6124662784 "GET /favicon.ico HTTP/1.1" 404 2529
INFO 2024-04-10 04:25:20,695 autoreload 18336 8666905280 Watching for file changes with StatReloader
INFO 2024-04-10 04:25:21,765 basehttp 18336 6126874624 "GET / HTTP/1.1" 200 217
INFO 2024-04-10 04:25:25,073 basehttp 18336 6126874624 "GET / HTTP/1.1" 200 217
WARNING 2024-04-10 04:25:25,571 log 18336 6126874624 Not Found: /about/
WARNING 2024-04-10 04:25:25,572 basehttp 18336 6126874624 "GET /about/ HTTP/1.1" 404 2514
INFO 2024-04-10 04:25:27,342 basehttp 18336 6126874624 "GET /admin/login/?next=/admin/ HTTP/1.1" 200 4158
INFO 2024-04-10 04:25:27,388 basehttp 18336 6126874624 "GET /static/admin/css/base.css HTTP/1.1" 200 21544
INFO 2024-04-10 04:25:27,390 basehttp 18336 6126874624 "GET /static/admin/css/dark_mode.css HTTP/1.1" 200 2682
INFO 2024-04-10 04:25:27,396 basehttp 18336 6126874624 "GET /static/admin/js/theme.js HTTP/1.1" 200 1943
INFO 2024-04-10 04:25:27,400 basehttp 18336 6126874624 "GET /static/admin/css/nav_sidebar.css HTTP/1.1" 200 2810
INFO 2024-04-10 04:25:27,404 basehttp 18336 6126874624 "GET /static/admin/js/nav_sidebar.js HTTP/1.1" 200 3063
INFO 2024-04-10 04:25:27,407 basehttp 18336 6126874624 "GET /static/admin/css/login.css HTTP/1.1" 200 958
INFO 2024-04-10 04:25:27,412 basehttp 18336 6126874624 "GET /static/admin/css/responsive.css HTTP/1.1" 200 17905
INFO 2024-04-10 04:25:30,251 basehttp 18336 6126874624 "GET /admin/login/?next=/admin/ HTTP/1.1" 200 4158
INFO 2024-04-10 04:27:33,031 autoreload 18336 8666905280 /Users/denisburguto/test2django/test_project/test_project/settings.py changed, reloading.
INFO 2024-04-10 04:27:33,368 autoreload 18394 8666905280 Watching for file changes with StatReloader
INFO 2024-04-10 04:27:38,457 basehttp 18394 6167441408 "GET /admin/login/?next=/admin/ HTTP/1.1" 200 4359
INFO 2024-04-10 04:42:28,433 autoreload 18729 8666905280 Watching for file changes with StatReloader
ERROR 2024-04-10 04:42:52,506 log 18729 6199652352 Internal Server Error: /admin/login/
Traceback (most recent call last):
  File "/Library/Frameworks/Python.framework/Versions/3.12/lib/python3.12/site-packages/django/db/backends/base/base.py", line 299, in _commit
    return self.connection.commit()
           ^^^^^^^^^^^^^^^^^^^^^^^^
sqlite3.OperationalError: database is locked

The above exception was the direct cause of the following exception:

Traceback (most recent call last):
  File "/Library/Frameworks/Python.framework/Versions/3.12/lib/python3.12/site-packages/django/core/handlers/exception.py", line 55, in inner
    response = get_response(request)
               ^^^^^^^^^^^^^^^^^^^^^
  File "/Library/Frameworks/Python.framework/Versions/3.12/lib/python3.12/site-packages/django/core/handlers/base.py", line 197, in _get_response
    response = wrapped_callback(request, *callback_args, **callback_kwargs)
               ^^^^^^^^^^^^^^^^^^^^^^^^^^^^^^^^^^^^^^^^^^^^^^^^^^^^^^^^^^^^
  File "/Library/Frameworks/Python.framework/Versions/3.12/lib/python3.12/site-packages/django/utils/decorators.py", line 48, in _wrapper
    return bound_method(*args, **kwargs)
           ^^^^^^^^^^^^^^^^^^^^^^^^^^^^^
  File "/Library/Frameworks/Python.framework/Versions/3.12/lib/python3.12/site-packages/django/views/decorators/cache.py", line 80, in _view_wrapper
    response = view_func(request, *args, **kwargs)
               ^^^^^^^^^^^^^^^^^^^^^^^^^^^^^^^^^^^
  File "/Library/Frameworks/Python.framework/Versions/3.12/lib/python3.12/site-packages/django/contrib/admin/sites.py", line 440, in login
    return LoginView.as_view(**defaults)(request)
           ^^^^^^^^^^^^^^^^^^^^^^^^^^^^^^^^^^^^^^
  File "/Library/Frameworks/Python.framework/Versions/3.12/lib/python3.12/site-packages/django/views/generic/base.py", line 104, in view
    return self.dispatch(request, *args, **kwargs)
           ^^^^^^^^^^^^^^^^^^^^^^^^^^^^^^^^^^^^^^^
  File "/Library/Frameworks/Python.framework/Versions/3.12/lib/python3.12/site-packages/django/utils/decorators.py", line 48, in _wrapper
    return bound_method(*args, **kwargs)
           ^^^^^^^^^^^^^^^^^^^^^^^^^^^^^
  File "/Library/Frameworks/Python.framework/Versions/3.12/lib/python3.12/site-packages/django/views/decorators/debug.py", line 143, in sensitive_post_parameters_wrapper
    return view(request, *args, **kwargs)
           ^^^^^^^^^^^^^^^^^^^^^^^^^^^^^^
  File "/Library/Frameworks/Python.framework/Versions/3.12/lib/python3.12/site-packages/django/utils/decorators.py", line 48, in _wrapper
    return bound_method(*args, **kwargs)
           ^^^^^^^^^^^^^^^^^^^^^^^^^^^^^
  File "/Library/Frameworks/Python.framework/Versions/3.12/lib/python3.12/site-packages/django/utils/decorators.py", line 188, in _view_wrapper
    result = _process_exception(request, e)
             ^^^^^^^^^^^^^^^^^^^^^^^^^^^^^^
  File "/Library/Frameworks/Python.framework/Versions/3.12/lib/python3.12/site-packages/django/utils/decorators.py", line 186, in _view_wrapper
    response = view_func(request, *args, **kwargs)
               ^^^^^^^^^^^^^^^^^^^^^^^^^^^^^^^^^^^
  File "/Library/Frameworks/Python.framework/Versions/3.12/lib/python3.12/site-packages/django/utils/decorators.py", line 48, in _wrapper
    return bound_method(*args, **kwargs)
           ^^^^^^^^^^^^^^^^^^^^^^^^^^^^^
  File "/Library/Frameworks/Python.framework/Versions/3.12/lib/python3.12/site-packages/django/views/decorators/cache.py", line 80, in _view_wrapper
    response = view_func(request, *args, **kwargs)
               ^^^^^^^^^^^^^^^^^^^^^^^^^^^^^^^^^^^
  File "/Library/Frameworks/Python.framework/Versions/3.12/lib/python3.12/site-packages/django/contrib/auth/views.py", line 88, in dispatch
    return super().dispatch(request, *args, **kwargs)
           ^^^^^^^^^^^^^^^^^^^^^^^^^^^^^^^^^^^^^^^^^^
  File "/Library/Frameworks/Python.framework/Versions/3.12/lib/python3.12/site-packages/django/views/generic/base.py", line 143, in dispatch
    return handler(request, *args, **kwargs)
           ^^^^^^^^^^^^^^^^^^^^^^^^^^^^^^^^^
  File "/Library/Frameworks/Python.framework/Versions/3.12/lib/python3.12/site-packages/django/views/generic/edit.py", line 151, in post
    return self.form_valid(form)
           ^^^^^^^^^^^^^^^^^^^^^
  File "/Library/Frameworks/Python.framework/Versions/3.12/lib/python3.12/site-packages/django/contrib/auth/views.py", line 107, in form_valid
    auth_login(self.request, form.get_user())
  File "/Library/Frameworks/Python.framework/Versions/3.12/lib/python3.12/site-packages/django/contrib/auth/__init__.py", line 126, in login
    request.session.cycle_key()
  File "/Library/Frameworks/Python.framework/Versions/3.12/lib/python3.12/site-packages/django/contrib/sessions/backends/base.py", line 304, in cycle_key
    self.create()
  File "/Library/Frameworks/Python.framework/Versions/3.12/lib/python3.12/site-packages/django/contrib/sessions/backends/db.py", line 54, in create
    self.save(must_create=True)
  File "/Library/Frameworks/Python.framework/Versions/3.12/lib/python3.12/site-packages/django/contrib/sessions/backends/db.py", line 85, in save
    with transaction.atomic(using=using):
  File "/Library/Frameworks/Python.framework/Versions/3.12/lib/python3.12/site-packages/django/db/transaction.py", line 263, in __exit__
    connection.commit()
  File "/Library/Frameworks/Python.framework/Versions/3.12/lib/python3.12/site-packages/django/utils/asyncio.py", line 26, in inner
    return func(*args, **kwargs)
           ^^^^^^^^^^^^^^^^^^^^^
  File "/Library/Frameworks/Python.framework/Versions/3.12/lib/python3.12/site-packages/django/db/backends/base/base.py", line 323, in commit
    self._commit()
  File "/Library/Frameworks/Python.framework/Versions/3.12/lib/python3.12/site-packages/django/db/backends/base/base.py", line 298, in _commit
    with debug_transaction(self, "COMMIT"), self.wrap_database_errors:
  File "/Library/Frameworks/Python.framework/Versions/3.12/lib/python3.12/site-packages/django/db/utils.py", line 91, in __exit__
    raise dj_exc_value.with_traceback(traceback) from exc_value
  File "/Library/Frameworks/Python.framework/Versions/3.12/lib/python3.12/site-packages/django/db/backends/base/base.py", line 299, in _commit
    return self.connection.commit()
           ^^^^^^^^^^^^^^^^^^^^^^^^
django.db.utils.OperationalError: database is locked
ERROR 2024-04-10 04:42:52,514 basehttp 18729 6199652352 "POST /admin/login/?next=/admin/ HTTP/1.1" 500 180711
INFO 2024-04-10 04:43:08,322 basehttp 18729 6199652352 "POST /admin/login/?next=/admin/ HTTP/1.1" 302 0
INFO 2024-04-10 04:43:09,845 basehttp 18729 6199652352 "GET /admin/ HTTP/1.1" 200 5946
INFO 2024-04-10 04:43:09,881 basehttp 18729 6199652352 "GET /static/admin/css/dashboard.css HTTP/1.1" 200 441
INFO 2024-04-10 04:43:09,904 basehttp 18729 6199652352 "GET /static/admin/img/icon-addlink.svg HTTP/1.1" 200 331
INFO 2024-04-10 04:43:09,907 basehttp 18729 6199652352 "GET /static/admin/img/icon-changelink.svg HTTP/1.1" 200 380
INFO 2024-04-10 04:43:39,879 basehttp 18729 6199652352 "GET /admin/auth/user/ HTTP/1.1" 200 11922
INFO 2024-04-10 04:43:39,930 basehttp 18729 6199652352 "GET /static/admin/css/changelists.css HTTP/1.1" 200 6811
INFO 2024-04-10 04:43:39,936 basehttp 18729 6199652352 "GET /admin/jsi18n/ HTTP/1.1" 200 17546
INFO 2024-04-10 04:43:39,942 basehttp 18729 6199652352 "GET /static/admin/js/vendor/jquery/jquery.js HTTP/1.1" 200 285314
INFO 2024-04-10 04:43:39,944 basehttp 18729 6216478720 "GET /static/admin/js/jquery.init.js HTTP/1.1" 200 347
INFO 2024-04-10 04:43:39,946 basehttp 18729 6199652352 "GET /static/admin/js/core.js HTTP/1.1" 200 6208
INFO 2024-04-10 04:43:39,950 basehttp 18729 6199652352 "GET /static/admin/js/admin/RelatedObjectLookups.js HTTP/1.1" 200 9042
INFO 2024-04-10 04:43:39,953 basehttp 18729 6199652352 "GET /static/admin/js/actions.js HTTP/1.1" 200 8067
INFO 2024-04-10 04:43:39,957 basehttp 18729 6199652352 "GET /static/admin/js/urlify.js HTTP/1.1" 200 7887
INFO 2024-04-10 04:43:39,961 basehttp 18729 6199652352 "GET /static/admin/js/prepopulate.js HTTP/1.1" 200 1531
INFO 2024-04-10 04:43:39,966 basehttp 18729 6199652352 "GET /static/admin/js/vendor/xregexp/xregexp.js HTTP/1.1" 200 325171
INFO 2024-04-10 04:43:39,968 basehttp 18729 6199652352 "GET /static/admin/js/filters.js HTTP/1.1" 200 978
INFO 2024-04-10 04:43:39,974 basehttp 18729 6199652352 "GET /static/admin/img/search.svg HTTP/1.1" 200 458
INFO 2024-04-10 04:43:39,977 basehttp 18729 6199652352 "GET /static/admin/img/icon-yes.svg HTTP/1.1" 200 436
INFO 2024-04-10 04:43:40,052 basehttp 18729 6199652352 "GET /static/admin/img/tooltag-add.svg HTTP/1.1" 200 331
INFO 2024-04-10 04:43:40,055 basehttp 18729 6199652352 "GET /static/admin/img/sorting-icons.svg HTTP/1.1" 200 1097
INFO 2024-04-10 04:43:40,063 basehttp 18729 6199652352 "GET /static/admin/img/icon-viewlink.svg HTTP/1.1" 200 581
INFO 2024-04-10 04:43:47,873 basehttp 18729 6199652352 "GET /admin/auth/group/ HTTP/1.1" 200 7785
INFO 2024-04-10 04:43:47,932 basehttp 18729 6199652352 "GET /admin/jsi18n/ HTTP/1.1" 200 17546
INFO 2024-04-10 04:45:17,161 basehttp 18729 6199652352 "GET /admin/auth/user/ HTTP/1.1" 200 11922
INFO 2024-04-10 04:45:17,232 basehttp 18729 6199652352 "GET /admin/jsi18n/ HTTP/1.1" 200 17546
INFO 2024-04-10 04:45:26,178 basehttp 18729 6199652352 "GET /admin/auth/user/add/ HTTP/1.1" 200 11240
INFO 2024-04-10 04:45:26,248 basehttp 18729 6199652352 "GET /static/admin/css/forms.css HTTP/1.1" 200 9090
INFO 2024-04-10 04:45:26,255 basehttp 18729 6199652352 "GET /admin/jsi18n/ HTTP/1.1" 200 17546
INFO 2024-04-10 04:45:26,280 basehttp 18729 6199652352 "GET /static/admin/js/change_form.js HTTP/1.1" 200 606
INFO 2024-04-10 04:45:26,282 basehttp 18729 6199652352 "GET /static/admin/js/prepopulate_init.js HTTP/1.1" 200 586
INFO 2024-04-10 04:45:26,290 basehttp 18729 6199652352 "GET /static/admin/css/widgets.css HTTP/1.1" 200 11800
INFO 2024-04-10 04:46:30,802 basehttp 18729 6199652352 "POST /admin/auth/user/add/ HTTP/1.1" 302 0
INFO 2024-04-10 04:46:30,840 basehttp 18729 6199652352 "GET /admin/auth/user/2/change/ HTTP/1.1" 200 25052
INFO 2024-04-10 04:46:30,914 basehttp 18729 6199652352 "GET /admin/jsi18n/ HTTP/1.1" 200 17546
INFO 2024-04-10 04:46:30,918 basehttp 18729 6199652352 "GET /static/admin/js/calendar.js HTTP/1.1" 200 9141
INFO 2024-04-10 04:46:30,925 basehttp 18729 6199652352 "GET /static/admin/js/admin/DateTimeShortcuts.js HTTP/1.1" 200 19319
INFO 2024-04-10 04:46:30,933 basehttp 18729 6199652352 "GET /static/admin/js/SelectBox.js HTTP/1.1" 200 4530
INFO 2024-04-10 04:46:30,939 basehttp 18729 6199652352 "GET /static/admin/js/SelectFilter2.js HTTP/1.1" 200 15492
INFO 2024-04-10 04:46:31,045 basehttp 18729 6199652352 "GET /static/admin/img/icon-unknown.svg HTTP/1.1" 200 655
INFO 2024-04-10 04:46:31,053 basehttp 18729 6199652352 "GET /static/admin/img/selector-icons.svg HTTP/1.1" 200 3291
INFO 2024-04-10 04:46:31,062 basehttp 18729 6199652352 "GET /static/admin/img/icon-unknown-alt.svg HTTP/1.1" 200 655
INFO 2024-04-10 04:46:31,070 basehttp 18729 6199652352 "GET /static/admin/img/icon-calendar.svg HTTP/1.1" 200 1086
INFO 2024-04-10 04:46:31,072 basehttp 18729 6199652352 "GET /static/admin/img/icon-clock.svg HTTP/1.1" 200 677
INFO 2024-04-10 04:48:19,373 basehttp 18729 6199652352 "POST /admin/auth/user/2/change/ HTTP/1.1" 302 0
INFO 2024-04-10 04:48:19,389 basehttp 18729 6199652352 "GET /admin/auth/user/ HTTP/1.1" 200 12641
INFO 2024-04-10 04:48:19,448 basehttp 18729 6199652352 "GET /admin/jsi18n/ HTTP/1.1" 200 17546
INFO 2024-04-10 04:48:30,352 basehttp 18729 6199652352 "GET /admin/auth/group/add/ HTTP/1.1" 200 14191
INFO 2024-04-10 04:48:30,436 basehttp 18729 6199652352 "GET /admin/jsi18n/ HTTP/1.1" 200 17546
INFO 2024-04-10 04:49:12,517 basehttp 18729 6199652352 "POST /admin/auth/group/add/ HTTP/1.1" 302 0
INFO 2024-04-10 04:49:12,543 basehttp 18729 6199652352 "GET /admin/auth/group/ HTTP/1.1" 200 9520
INFO 2024-04-10 04:49:12,605 basehttp 18729 6199652352 "GET /admin/jsi18n/ HTTP/1.1" 200 17546
INFO 2024-04-10 04:49:15,259 basehttp 18729 6199652352 "GET /admin/auth/user/ HTTP/1.1" 200 12727
INFO 2024-04-10 04:49:15,333 basehttp 18729 6199652352 "GET /admin/jsi18n/ HTTP/1.1" 200 17546
INFO 2024-04-10 04:49:16,804 basehttp 18729 6199652352 "GET /admin/auth/user/2/change/ HTTP/1.1" 200 24814
INFO 2024-04-10 04:49:16,886 basehttp 18729 6199652352 "GET /admin/jsi18n/ HTTP/1.1" 200 17546
INFO 2024-04-10 04:49:28,052 basehttp 18729 6199652352 "POST /admin/auth/user/2/change/ HTTP/1.1" 302 0
INFO 2024-04-10 04:49:28,073 basehttp 18729 6199652352 "GET /admin/auth/user/ HTTP/1.1" 200 12947
INFO 2024-04-10 04:49:28,132 basehttp 18729 6199652352 "GET /admin/jsi18n/ HTTP/1.1" 200 17546
INFO 2024-04-10 04:49:35,465 basehttp 18729 6199652352 "POST /admin/logout/ HTTP/1.1" 200 3817
INFO 2024-04-10 04:49:37,249 basehttp 18729 6199652352 "GET /admin/ HTTP/1.1" 302 0
INFO 2024-04-10 04:49:37,265 basehttp 18729 6199652352 "GET /admin/login/?next=/admin/ HTTP/1.1" 200 4359
INFO 2024-04-10 04:49:52,229 basehttp 18729 6199652352 "POST /admin/login/?next=/admin/ HTTP/1.1" 302 0
INFO 2024-04-10 04:49:52,379 basehttp 18729 6199652352 "GET /admin/ HTTP/1.1" 200 4889
INFO 2024-04-10 04:49:59,009 basehttp 18729 6199652352 "POST /admin/logout/ HTTP/1.1" 200 3817
INFO 2024-04-10 16:43:57,381 autoreload 18729 8666905280 /Users/denisburguto/test2django/test_project/testapp5/models.py changed, reloading.
INFO 2024-04-10 16:43:57,679 autoreload 19648 8666905280 Watching for file changes with StatReloader
INFO 2024-04-10 16:47:09,224 autoreload 19816 8666905280 Watching for file changes with StatReloader
INFO 2024-04-10 16:47:11,421 basehttp 19816 6135934976 "GET / HTTP/1.1" 200 217
INFO 2024-04-10 16:47:15,065 basehttp 19816 6135934976 "GET / HTTP/1.1" 200 217
WARNING 2024-04-10 16:47:16,346 log 19816 6135934976 Not Found: /about/
WARNING 2024-04-10 16:47:16,347 basehttp 19816 6135934976 "GET /about/ HTTP/1.1" 404 2514
INFO 2024-04-10 16:47:18,016 basehttp 19816 6135934976 "GET /admin/auth/user/ HTTP/1.1" 302 0
INFO 2024-04-10 16:47:18,056 basehttp 19816 6135934976 "GET /admin/login/?next=/admin/auth/user/ HTTP/1.1" 200 4379
INFO 2024-04-10 16:47:25,063 basehttp 19816 6135934976 "GET /admin/ HTTP/1.1" 302 0
INFO 2024-04-10 16:47:25,085 basehttp 19816 6135934976 "GET /admin/login/?next=/admin/ HTTP/1.1" 200 4359
INFO 2024-04-10 16:47:25,873 basehttp 19816 6135934976 "GET /admin HTTP/1.1" 301 0
INFO 2024-04-10 16:47:25,890 basehttp 19816 6135934976 "GET /admin/ HTTP/1.1" 302 0
INFO 2024-04-10 16:47:25,905 basehttp 19816 6135934976 "GET /admin/login/?next=/admin/ HTTP/1.1" 200 4359
INFO 2024-04-10 16:47:36,042 basehttp 19816 6135934976 "POST /admin/login/?next=/admin/ HTTP/1.1" 302 0
INFO 2024-04-10 16:47:36,057 basehttp 19816 6135934976 "GET /admin/ HTTP/1.1" 200 8598
INFO 2024-04-10 16:49:31,702 autoreload 19816 8666905280 /Users/denisburguto/test2django/test_project/testapp3/admin.py changed, reloading.
INFO 2024-04-10 16:49:32,000 autoreload 19897 8666905280 Watching for file changes with StatReloader
INFO 2024-04-10 16:49:34,942 basehttp 19897 6170734592 "GET /admin/ HTTP/1.1" 200 9733
INFO 2024-04-10 16:53:25,384 basehttp 19897 6170734592 "GET /admin/testapp3/post/ HTTP/1.1" 200 27287
INFO 2024-04-10 16:53:25,448 basehttp 19897 6170734592 "GET /admin/jsi18n/ HTTP/1.1" 200 17546
INFO 2024-04-10 16:53:30,582 basehttp 19897 6170734592 "GET /admin/testapp3/post/49/change/ HTTP/1.1" 200 13578
INFO 2024-04-10 16:53:30,646 basehttp 19897 6170734592 "GET /admin/jsi18n/ HTTP/1.1" 200 17546
INFO 2024-04-10 16:53:37,626 basehttp 19897 6170734592 "GET /admin/testapp3/author/ HTTP/1.1" 200 13026
INFO 2024-04-10 16:53:37,673 basehttp 19897 6170734592 "GET /admin/jsi18n/ HTTP/1.1" 200 17546
INFO 2024-04-10 16:53:43,299 basehttp 19897 6170734592 "GET /admin/testapp5/category/ HTTP/1.1" 200 9150
INFO 2024-04-10 16:53:43,373 basehttp 19897 6170734592 "GET /admin/jsi18n/ HTTP/1.1" 200 17546
INFO 2024-04-10 16:53:44,131 basehttp 19897 6170734592 "GET /admin/testapp5/category/add/ HTTP/1.1" 200 9991
INFO 2024-04-10 16:53:44,206 basehttp 19897 6170734592 "GET /admin/jsi18n/ HTTP/1.1" 200 17546
INFO 2024-04-10 16:53:57,384 basehttp 19897 6170734592 "POST /admin/testapp5/category/add/ HTTP/1.1" 302 0
INFO 2024-04-10 16:53:57,406 basehttp 19897 6170734592 "GET /admin/testapp5/category/add/ HTTP/1.1" 200 10275
INFO 2024-04-10 16:53:57,460 basehttp 19897 6170734592 "GET /admin/jsi18n/ HTTP/1.1" 200 17546
INFO 2024-04-10 16:54:03,673 basehttp 19897 6170734592 "POST /admin/testapp5/category/add/ HTTP/1.1" 302 0
INFO 2024-04-10 16:54:03,691 basehttp 19897 6170734592 "GET /admin/testapp5/category/add/ HTTP/1.1" 200 10275
INFO 2024-04-10 16:54:03,745 basehttp 19897 6170734592 "GET /admin/jsi18n/ HTTP/1.1" 200 17546
INFO 2024-04-10 16:54:09,780 basehttp 19897 6170734592 "GET /admin/testapp5/category/ HTTP/1.1" 200 10985
INFO 2024-04-10 16:54:09,829 basehttp 19897 6170734592 "GET /admin/jsi18n/ HTTP/1.1" 200 17546
INFO 2024-04-10 16:54:12,531 basehttp 19897 6170734592 "GET /admin/testapp5/product/ HTTP/1.1" 200 9143
INFO 2024-04-10 16:54:12,603 basehttp 19897 6170734592 "GET /admin/jsi18n/ HTTP/1.1" 200 17546
INFO 2024-04-10 16:54:13,548 basehttp 19897 6170734592 "GET /admin/testapp5/product/add/ HTTP/1.1" 200 9983
INFO 2024-04-10 16:54:13,622 basehttp 19897 6170734592 "GET /admin/jsi18n/ HTTP/1.1" 200 17546
INFO 2024-04-10 16:54:35,196 basehttp 19897 6170734592 "GET /admin/testapp5/product/ HTTP/1.1" 200 9143
INFO 2024-04-10 16:54:35,271 basehttp 19897 6170734592 "GET /admin/jsi18n/ HTTP/1.1" 200 17546
INFO 2024-04-10 16:54:37,997 basehttp 19897 6170734592 "GET /admin/testapp5/product/add/ HTTP/1.1" 200 9983
INFO 2024-04-10 16:54:38,073 basehttp 19897 6170734592 "GET /admin/jsi18n/ HTTP/1.1" 200 17546
INFO 2024-04-10 16:54:45,656 basehttp 19897 6170734592 "POST /admin/testapp5/product/add/ HTTP/1.1" 302 0
INFO 2024-04-10 16:54:45,675 basehttp 19897 6170734592 "GET /admin/testapp5/product/1/change/ HTTP/1.1" 200 10538
INFO 2024-04-10 16:54:45,732 basehttp 19897 6170734592 "GET /admin/jsi18n/ HTTP/1.1" 200 17546
INFO 2024-04-10 16:55:13,433 autoreload 19897 8666905280 /Users/denisburguto/test2django/test_project/testapp5/models.py changed, reloading.
INFO 2024-04-10 16:55:13,751 autoreload 20033 8666905280 Watching for file changes with StatReloader
INFO 2024-04-10 16:56:33,888 autoreload 20156 8666905280 Watching for file changes with StatReloader
INFO 2024-04-10 16:56:38,961 basehttp 20156 6160494592 "GET / HTTP/1.1" 200 217
INFO 2024-04-10 16:56:43,831 basehttp 20156 6160494592 "GET /admin/testapp5/category/ HTTP/1.1" 200 10985
INFO 2024-04-10 16:56:43,940 basehttp 20156 6160494592 "GET /admin/jsi18n/ HTTP/1.1" 200 17546
INFO 2024-04-10 16:56:47,805 basehttp 20156 6160494592 "GET /admin/testapp5/ HTTP/1.1" 200 5893
ERROR 2024-04-10 16:56:52,448 log 20156 6160494592 Internal Server Error: /admin/testapp5/product/
Traceback (most recent call last):
  File "/Library/Frameworks/Python.framework/Versions/3.12/lib/python3.12/site-packages/django/db/backends/utils.py", line 105, in _execute
    return self.cursor.execute(sql, params)
           ^^^^^^^^^^^^^^^^^^^^^^^^^^^^^^^^
  File "/Library/Frameworks/Python.framework/Versions/3.12/lib/python3.12/site-packages/django/db/backends/sqlite3/base.py", line 329, in execute
    return super().execute(query, params)
           ^^^^^^^^^^^^^^^^^^^^^^^^^^^^^^
sqlite3.OperationalError: no such column: testapp5_product.category_id

The above exception was the direct cause of the following exception:

Traceback (most recent call last):
  File "/Library/Frameworks/Python.framework/Versions/3.12/lib/python3.12/site-packages/django/core/handlers/exception.py", line 55, in inner
    response = get_response(request)
               ^^^^^^^^^^^^^^^^^^^^^
  File "/Library/Frameworks/Python.framework/Versions/3.12/lib/python3.12/site-packages/django/core/handlers/base.py", line 197, in _get_response
    response = wrapped_callback(request, *callback_args, **callback_kwargs)
               ^^^^^^^^^^^^^^^^^^^^^^^^^^^^^^^^^^^^^^^^^^^^^^^^^^^^^^^^^^^^
  File "/Library/Frameworks/Python.framework/Versions/3.12/lib/python3.12/site-packages/django/contrib/admin/options.py", line 716, in wrapper
    return self.admin_site.admin_view(view)(*args, **kwargs)
           ^^^^^^^^^^^^^^^^^^^^^^^^^^^^^^^^^^^^^^^^^^^^^^^^^
  File "/Library/Frameworks/Python.framework/Versions/3.12/lib/python3.12/site-packages/django/utils/decorators.py", line 188, in _view_wrapper
    result = _process_exception(request, e)
             ^^^^^^^^^^^^^^^^^^^^^^^^^^^^^^
  File "/Library/Frameworks/Python.framework/Versions/3.12/lib/python3.12/site-packages/django/utils/decorators.py", line 186, in _view_wrapper
    response = view_func(request, *args, **kwargs)
               ^^^^^^^^^^^^^^^^^^^^^^^^^^^^^^^^^^^
  File "/Library/Frameworks/Python.framework/Versions/3.12/lib/python3.12/site-packages/django/views/decorators/cache.py", line 80, in _view_wrapper
    response = view_func(request, *args, **kwargs)
               ^^^^^^^^^^^^^^^^^^^^^^^^^^^^^^^^^^^
  File "/Library/Frameworks/Python.framework/Versions/3.12/lib/python3.12/site-packages/django/contrib/admin/sites.py", line 240, in inner
    return view(request, *args, **kwargs)
           ^^^^^^^^^^^^^^^^^^^^^^^^^^^^^^
  File "/Library/Frameworks/Python.framework/Versions/3.12/lib/python3.12/site-packages/django/utils/decorators.py", line 48, in _wrapper
    return bound_method(*args, **kwargs)
           ^^^^^^^^^^^^^^^^^^^^^^^^^^^^^
  File "/Library/Frameworks/Python.framework/Versions/3.12/lib/python3.12/site-packages/django/utils/decorators.py", line 188, in _view_wrapper
    result = _process_exception(request, e)
             ^^^^^^^^^^^^^^^^^^^^^^^^^^^^^^
  File "/Library/Frameworks/Python.framework/Versions/3.12/lib/python3.12/site-packages/django/utils/decorators.py", line 186, in _view_wrapper
    response = view_func(request, *args, **kwargs)
               ^^^^^^^^^^^^^^^^^^^^^^^^^^^^^^^^^^^
  File "/Library/Frameworks/Python.framework/Versions/3.12/lib/python3.12/site-packages/django/contrib/admin/options.py", line 2124, in changelist_view
    "selection_note": _("0 of %(cnt)s selected") % {"cnt": len(cl.result_list)},
                                                           ^^^^^^^^^^^^^^^^^^^
  File "/Library/Frameworks/Python.framework/Versions/3.12/lib/python3.12/site-packages/django/db/models/query.py", line 382, in __len__
    self._fetch_all()
  File "/Library/Frameworks/Python.framework/Versions/3.12/lib/python3.12/site-packages/django/db/models/query.py", line 1928, in _fetch_all
    self._result_cache = list(self._iterable_class(self))
                         ^^^^^^^^^^^^^^^^^^^^^^^^^^^^^^^^
  File "/Library/Frameworks/Python.framework/Versions/3.12/lib/python3.12/site-packages/django/db/models/query.py", line 91, in __iter__
    results = compiler.execute_sql(
              ^^^^^^^^^^^^^^^^^^^^^
  File "/Library/Frameworks/Python.framework/Versions/3.12/lib/python3.12/site-packages/django/db/models/sql/compiler.py", line 1562, in execute_sql
    cursor.execute(sql, params)
  File "/Library/Frameworks/Python.framework/Versions/3.12/lib/python3.12/site-packages/django/db/backends/utils.py", line 122, in execute
    return super().execute(sql, params)
           ^^^^^^^^^^^^^^^^^^^^^^^^^^^^
  File "/Library/Frameworks/Python.framework/Versions/3.12/lib/python3.12/site-packages/django/db/backends/utils.py", line 79, in execute
    return self._execute_with_wrappers(
           ^^^^^^^^^^^^^^^^^^^^^^^^^^^^
  File "/Library/Frameworks/Python.framework/Versions/3.12/lib/python3.12/site-packages/django/db/backends/utils.py", line 92, in _execute_with_wrappers
    return executor(sql, params, many, context)
           ^^^^^^^^^^^^^^^^^^^^^^^^^^^^^^^^^^^^
  File "/Library/Frameworks/Python.framework/Versions/3.12/lib/python3.12/site-packages/django/db/backends/utils.py", line 100, in _execute
    with self.db.wrap_database_errors:
  File "/Library/Frameworks/Python.framework/Versions/3.12/lib/python3.12/site-packages/django/db/utils.py", line 91, in __exit__
    raise dj_exc_value.with_traceback(traceback) from exc_value
  File "/Library/Frameworks/Python.framework/Versions/3.12/lib/python3.12/site-packages/django/db/backends/utils.py", line 105, in _execute
    return self.cursor.execute(sql, params)
           ^^^^^^^^^^^^^^^^^^^^^^^^^^^^^^^^
  File "/Library/Frameworks/Python.framework/Versions/3.12/lib/python3.12/site-packages/django/db/backends/sqlite3/base.py", line 329, in execute
    return super().execute(query, params)
           ^^^^^^^^^^^^^^^^^^^^^^^^^^^^^^
django.db.utils.OperationalError: no such column: testapp5_product.category_id
ERROR 2024-04-10 16:56:52,453 basehttp 20156 6160494592 "GET /admin/testapp5/product/ HTTP/1.1" 500 168366
INFO 2024-04-10 16:56:55,819 basehttp 20156 6160494592 "GET /admin/testapp5/category/ HTTP/1.1" 200 10985
INFO 2024-04-10 16:56:55,872 basehttp 20156 6160494592 "GET /admin/jsi18n/ HTTP/1.1" 200 17546
ERROR 2024-04-10 16:57:03,578 log 20156 6160494592 Internal Server Error: /admin/testapp5/product/
Traceback (most recent call last):
  File "/Library/Frameworks/Python.framework/Versions/3.12/lib/python3.12/site-packages/django/db/backends/utils.py", line 105, in _execute
    return self.cursor.execute(sql, params)
           ^^^^^^^^^^^^^^^^^^^^^^^^^^^^^^^^
  File "/Library/Frameworks/Python.framework/Versions/3.12/lib/python3.12/site-packages/django/db/backends/sqlite3/base.py", line 329, in execute
    return super().execute(query, params)
           ^^^^^^^^^^^^^^^^^^^^^^^^^^^^^^
sqlite3.OperationalError: no such column: testapp5_product.category_id

The above exception was the direct cause of the following exception:

Traceback (most recent call last):
  File "/Library/Frameworks/Python.framework/Versions/3.12/lib/python3.12/site-packages/django/core/handlers/exception.py", line 55, in inner
    response = get_response(request)
               ^^^^^^^^^^^^^^^^^^^^^
  File "/Library/Frameworks/Python.framework/Versions/3.12/lib/python3.12/site-packages/django/core/handlers/base.py", line 197, in _get_response
    response = wrapped_callback(request, *callback_args, **callback_kwargs)
               ^^^^^^^^^^^^^^^^^^^^^^^^^^^^^^^^^^^^^^^^^^^^^^^^^^^^^^^^^^^^
  File "/Library/Frameworks/Python.framework/Versions/3.12/lib/python3.12/site-packages/django/contrib/admin/options.py", line 716, in wrapper
    return self.admin_site.admin_view(view)(*args, **kwargs)
           ^^^^^^^^^^^^^^^^^^^^^^^^^^^^^^^^^^^^^^^^^^^^^^^^^
  File "/Library/Frameworks/Python.framework/Versions/3.12/lib/python3.12/site-packages/django/utils/decorators.py", line 188, in _view_wrapper
    result = _process_exception(request, e)
             ^^^^^^^^^^^^^^^^^^^^^^^^^^^^^^
  File "/Library/Frameworks/Python.framework/Versions/3.12/lib/python3.12/site-packages/django/utils/decorators.py", line 186, in _view_wrapper
    response = view_func(request, *args, **kwargs)
               ^^^^^^^^^^^^^^^^^^^^^^^^^^^^^^^^^^^
  File "/Library/Frameworks/Python.framework/Versions/3.12/lib/python3.12/site-packages/django/views/decorators/cache.py", line 80, in _view_wrapper
    response = view_func(request, *args, **kwargs)
               ^^^^^^^^^^^^^^^^^^^^^^^^^^^^^^^^^^^
  File "/Library/Frameworks/Python.framework/Versions/3.12/lib/python3.12/site-packages/django/contrib/admin/sites.py", line 240, in inner
    return view(request, *args, **kwargs)
           ^^^^^^^^^^^^^^^^^^^^^^^^^^^^^^
  File "/Library/Frameworks/Python.framework/Versions/3.12/lib/python3.12/site-packages/django/utils/decorators.py", line 48, in _wrapper
    return bound_method(*args, **kwargs)
           ^^^^^^^^^^^^^^^^^^^^^^^^^^^^^
  File "/Library/Frameworks/Python.framework/Versions/3.12/lib/python3.12/site-packages/django/utils/decorators.py", line 188, in _view_wrapper
    result = _process_exception(request, e)
             ^^^^^^^^^^^^^^^^^^^^^^^^^^^^^^
  File "/Library/Frameworks/Python.framework/Versions/3.12/lib/python3.12/site-packages/django/utils/decorators.py", line 186, in _view_wrapper
    response = view_func(request, *args, **kwargs)
               ^^^^^^^^^^^^^^^^^^^^^^^^^^^^^^^^^^^
  File "/Library/Frameworks/Python.framework/Versions/3.12/lib/python3.12/site-packages/django/contrib/admin/options.py", line 2124, in changelist_view
    "selection_note": _("0 of %(cnt)s selected") % {"cnt": len(cl.result_list)},
                                                           ^^^^^^^^^^^^^^^^^^^
  File "/Library/Frameworks/Python.framework/Versions/3.12/lib/python3.12/site-packages/django/db/models/query.py", line 382, in __len__
    self._fetch_all()
  File "/Library/Frameworks/Python.framework/Versions/3.12/lib/python3.12/site-packages/django/db/models/query.py", line 1928, in _fetch_all
    self._result_cache = list(self._iterable_class(self))
                         ^^^^^^^^^^^^^^^^^^^^^^^^^^^^^^^^
  File "/Library/Frameworks/Python.framework/Versions/3.12/lib/python3.12/site-packages/django/db/models/query.py", line 91, in __iter__
    results = compiler.execute_sql(
              ^^^^^^^^^^^^^^^^^^^^^
  File "/Library/Frameworks/Python.framework/Versions/3.12/lib/python3.12/site-packages/django/db/models/sql/compiler.py", line 1562, in execute_sql
    cursor.execute(sql, params)
  File "/Library/Frameworks/Python.framework/Versions/3.12/lib/python3.12/site-packages/django/db/backends/utils.py", line 122, in execute
    return super().execute(sql, params)
           ^^^^^^^^^^^^^^^^^^^^^^^^^^^^
  File "/Library/Frameworks/Python.framework/Versions/3.12/lib/python3.12/site-packages/django/db/backends/utils.py", line 79, in execute
    return self._execute_with_wrappers(
           ^^^^^^^^^^^^^^^^^^^^^^^^^^^^
  File "/Library/Frameworks/Python.framework/Versions/3.12/lib/python3.12/site-packages/django/db/backends/utils.py", line 92, in _execute_with_wrappers
    return executor(sql, params, many, context)
           ^^^^^^^^^^^^^^^^^^^^^^^^^^^^^^^^^^^^
  File "/Library/Frameworks/Python.framework/Versions/3.12/lib/python3.12/site-packages/django/db/backends/utils.py", line 100, in _execute
    with self.db.wrap_database_errors:
  File "/Library/Frameworks/Python.framework/Versions/3.12/lib/python3.12/site-packages/django/db/utils.py", line 91, in __exit__
    raise dj_exc_value.with_traceback(traceback) from exc_value
  File "/Library/Frameworks/Python.framework/Versions/3.12/lib/python3.12/site-packages/django/db/backends/utils.py", line 105, in _execute
    return self.cursor.execute(sql, params)
           ^^^^^^^^^^^^^^^^^^^^^^^^^^^^^^^^
  File "/Library/Frameworks/Python.framework/Versions/3.12/lib/python3.12/site-packages/django/db/backends/sqlite3/base.py", line 329, in execute
    return super().execute(query, params)
           ^^^^^^^^^^^^^^^^^^^^^^^^^^^^^^
django.db.utils.OperationalError: no such column: testapp5_product.category_id
ERROR 2024-04-10 16:57:03,582 basehttp 20156 6160494592 "GET /admin/testapp5/product/ HTTP/1.1" 500 168375
INFO 2024-04-10 17:07:19,983 autoreload 20822 8666905280 Watching for file changes with StatReloader
INFO 2024-04-10 17:07:24,185 basehttp 20822 6158757888 "GET /admin/testapp5/category/ HTTP/1.1" 200 10985
INFO 2024-04-10 17:07:24,238 basehttp 20822 6158757888 "GET /admin/jsi18n/ HTTP/1.1" 200 17546
INFO 2024-04-10 17:07:28,478 basehttp 20822 6158757888 "GET /admin/testapp5/product/ HTTP/1.1" 200 9143
INFO 2024-04-10 17:07:28,549 basehttp 20822 6158757888 "GET /admin/jsi18n/ HTTP/1.1" 200 17546
INFO 2024-04-10 17:07:29,827 basehttp 20822 6158757888 "GET /admin/testapp5/product/add/ HTTP/1.1" 200 11854
INFO 2024-04-10 17:07:29,894 basehttp 20822 6158757888 "GET /admin/jsi18n/ HTTP/1.1" 200 17546
INFO 2024-04-10 17:07:52,549 basehttp 20822 6158757888 "POST /admin/testapp5/product/add/ HTTP/1.1" 302 0
INFO 2024-04-10 17:07:52,573 basehttp 20822 6158757888 "GET /admin/testapp5/product/add/ HTTP/1.1" 200 12149
INFO 2024-04-10 17:07:52,636 basehttp 20822 6158757888 "GET /admin/jsi18n/ HTTP/1.1" 200 17546
INFO 2024-04-10 17:08:07,673 basehttp 20822 6158757888 "POST /admin/testapp5/product/add/ HTTP/1.1" 302 0
INFO 2024-04-10 17:08:07,700 basehttp 20822 6158757888 "GET /admin/testapp5/product/add/ HTTP/1.1" 200 12149
INFO 2024-04-10 17:08:07,762 basehttp 20822 6158757888 "GET /admin/jsi18n/ HTTP/1.1" 200 17546
INFO 2024-04-10 17:08:15,819 basehttp 20822 6158757888 "GET /admin/testapp5/category/add/?_to_field=id&_popup=1 HTTP/1.1" 200 4446
INFO 2024-04-10 17:08:15,868 basehttp 20822 6158757888 "GET /admin/jsi18n/ HTTP/1.1" 200 17546
INFO 2024-04-10 17:08:24,960 basehttp 20822 6158757888 "POST /admin/testapp5/category/add/?_to_field=id&_popup=1 HTTP/1.1" 200 366
INFO 2024-04-10 17:08:24,992 basehttp 20822 6158757888 "GET /static/admin/js/popup_response.js HTTP/1.1" 200 551
INFO 2024-04-10 17:08:29,065 basehttp 20822 6158757888 "POST /admin/testapp5/product/add/ HTTP/1.1" 302 0
INFO 2024-04-10 17:08:29,099 basehttp 20822 6158757888 "GET /admin/testapp5/product/add/ HTTP/1.1" 200 12185
INFO 2024-04-10 17:08:29,159 basehttp 20822 6158757888 "GET /admin/jsi18n/ HTTP/1.1" 200 17546
INFO 2024-04-10 17:08:31,910 basehttp 20822 6158757888 "GET /admin/auth/group/ HTTP/1.1" 200 11033
INFO 2024-04-10 17:08:31,978 basehttp 20822 6158757888 "GET /admin/jsi18n/ HTTP/1.1" 200 17546
INFO 2024-04-10 17:08:33,826 basehttp 20822 6158757888 "GET /admin/testapp5/product/ HTTP/1.1" 200 11382
INFO 2024-04-10 17:08:33,832 basehttp 20822 6158757888 "GET /admin/jsi18n/ HTTP/1.1" 200 17546
INFO 2024-04-10 17:08:36,234 basehttp 20822 6158757888 "GET /admin/testapp5/product/3/change/ HTTP/1.1" 200 12144
INFO 2024-04-10 17:08:36,309 basehttp 20822 6158757888 "GET /admin/jsi18n/ HTTP/1.1" 200 17546
INFO 2024-04-10 17:08:57,379 basehttp 20822 6158757888 "POST /admin/testapp5/product/3/change/ HTTP/1.1" 302 0
INFO 2024-04-10 17:08:57,413 basehttp 20822 6158757888 "GET /admin/testapp5/product/add/ HTTP/1.1" 200 12168
INFO 2024-04-10 17:08:57,470 basehttp 20822 6158757888 "GET /admin/jsi18n/ HTTP/1.1" 200 17546
INFO 2024-04-10 17:09:10,847 basehttp 20822 6158757888 "POST /admin/testapp5/product/add/ HTTP/1.1" 302 0
INFO 2024-04-10 17:09:10,878 basehttp 20822 6158757888 "GET /admin/testapp5/product/ HTTP/1.1" 200 11956
INFO 2024-04-10 17:09:10,935 basehttp 20822 6158757888 "GET /admin/jsi18n/ HTTP/1.1" 200 17546
INFO 2024-04-10 17:09:21,325 basehttp 20822 6158757888 "GET /admin/testapp5/product/ HTTP/1.1" 200 11734
INFO 2024-04-10 17:09:21,331 basehttp 20822 6158757888 "GET /admin/jsi18n/ HTTP/1.1" 200 17546
INFO 2024-04-10 17:09:29,425 basehttp 20822 6158757888 "GET /admin/testapp5/product/1/change/ HTTP/1.1" 200 12146
INFO 2024-04-10 17:09:29,505 basehttp 20822 6158757888 "GET /admin/jsi18n/ HTTP/1.1" 200 17546
INFO 2024-04-10 17:09:33,460 basehttp 20822 6158757888 "GET /admin/testapp5/product/1/delete/ HTTP/1.1" 200 9237
INFO 2024-04-10 17:09:33,552 basehttp 20822 6158757888 "GET /static/admin/js/cancel.js HTTP/1.1" 200 884
INFO 2024-04-10 17:09:41,108 basehttp 20822 6158757888 "POST /admin/testapp5/product/1/delete/ HTTP/1.1" 302 0
INFO 2024-04-10 17:09:41,139 basehttp 20822 6158757888 "GET /admin/testapp5/product/ HTTP/1.1" 200 11556
INFO 2024-04-10 17:09:41,193 basehttp 20822 6158757888 "GET /admin/jsi18n/ HTTP/1.1" 200 17546
INFO 2024-04-10 17:14:56,071 autoreload 20822 8666905280 /Users/denisburguto/test2django/test_project/testapp5/models.py changed, reloading.
INFO 2024-04-10 17:14:56,379 autoreload 20981 8666905280 Watching for file changes with StatReloader
INFO 2024-04-10 17:19:57,056 autoreload 21134 8666905280 Watching for file changes with StatReloader
INFO 2024-04-10 17:19:59,936 basehttp 21134 6127939584 "GET /admin/testapp5/product/ HTTP/1.1" 200 11310
INFO 2024-04-10 17:20:00,008 basehttp 21134 6127939584 "GET /admin/jsi18n/ HTTP/1.1" 200 17546
INFO 2024-04-10 17:20:04,285 basehttp 21134 6127939584 "GET /admin/testapp5/product/4/change/ HTTP/1.1" 200 14638
INFO 2024-04-10 17:20:04,368 basehttp 21134 6127939584 "GET /admin/jsi18n/ HTTP/1.1" 200 17546
INFO 2024-04-10 17:20:10,297 basehttp 21134 6127939584 "GET /admin/testapp5/ HTTP/1.1" 200 5893
INFO 2024-04-10 17:20:11,493 basehttp 21134 6127939584 "GET /admin/ HTTP/1.1" 200 11883
INFO 2024-04-10 17:20:11,574 basehttp 21134 6127939584 "GET /static/admin/img/icon-deletelink.svg HTTP/1.1" 200 392
INFO 2024-04-10 17:20:27,097 basehttp 21134 6127939584 "GET /admin/testapp5/product/ HTTP/1.1" 200 11310
INFO 2024-04-10 17:20:27,174 basehttp 21134 6127939584 "GET /admin/jsi18n/ HTTP/1.1" 200 17546
INFO 2024-04-10 17:20:31,804 basehttp 21134 6127939584 "GET /admin/testapp5/product/2/change/ HTTP/1.1" 200 14638
INFO 2024-04-10 17:20:31,881 basehttp 21134 6127939584 "GET /admin/jsi18n/ HTTP/1.1" 200 17546
INFO 2024-04-10 17:21:19,163 basehttp 21134 6127939584 "GET /admin/testapp5/product/ HTTP/1.1" 200 11310
INFO 2024-04-10 17:21:19,171 basehttp 21134 6127939584 "GET /admin/jsi18n/ HTTP/1.1" 200 17546
INFO 2024-04-10 17:22:11,483 autoreload 21134 8666905280 /Users/denisburguto/test2django/test_project/testapp5/admin.py changed, reloading.
INFO 2024-04-10 17:22:11,805 autoreload 21223 8666905280 Watching for file changes with StatReloader
INFO 2024-04-10 17:22:15,871 basehttp 21223 6198128640 "GET /admin/testapp5/product/ HTTP/1.1" 200 11310
INFO 2024-04-10 17:22:15,939 basehttp 21223 6198128640 "GET /admin/jsi18n/ HTTP/1.1" 200 17546
INFO 2024-04-10 17:22:18,614 basehttp 21223 6198128640 "GET /admin/testapp5/product/ HTTP/1.1" 200 11310
INFO 2024-04-10 17:22:18,621 basehttp 21223 6198128640 "GET /admin/jsi18n/ HTTP/1.1" 200 17546
INFO 2024-04-10 17:22:20,132 basehttp 21223 6198128640 "GET /admin/testapp5/product/4/change/ HTTP/1.1" 200 14638
INFO 2024-04-10 17:22:20,205 basehttp 21223 6198128640 "GET /admin/jsi18n/ HTTP/1.1" 200 17546
INFO 2024-04-10 17:22:22,164 basehttp 21223 6198128640 "GET /admin/testapp5/product/ HTTP/1.1" 200 11310
INFO 2024-04-10 17:22:22,171 basehttp 21223 6198128640 "GET /admin/jsi18n/ HTTP/1.1" 200 17546
INFO 2024-04-10 17:23:36,250 autoreload 21223 8666905280 /Users/denisburguto/test2django/test_project/testapp5/admin.py changed, reloading.
INFO 2024-04-10 17:23:36,547 autoreload 21296 8666905280 Watching for file changes with StatReloader
INFO 2024-04-10 17:23:40,447 basehttp 21296 6168408064 "GET /admin/testapp5/product/ HTTP/1.1" 200 11827
INFO 2024-04-10 17:23:40,516 basehttp 21296 6168408064 "GET /admin/jsi18n/ HTTP/1.1" 200 17546
INFO 2024-04-10 17:24:05,103 basehttp 21296 6168408064 "GET /admin/testapp5/product/?o=2 HTTP/1.1" 200 12235
INFO 2024-04-10 17:24:05,180 basehttp 21296 6168408064 "GET /admin/jsi18n/ HTTP/1.1" 200 17546
INFO 2024-04-10 17:24:06,198 basehttp 21296 6168408064 "GET /admin/testapp5/product/?o=-2 HTTP/1.1" 200 12241
INFO 2024-04-10 17:24:06,273 basehttp 21296 6168408064 "GET /admin/jsi18n/ HTTP/1.1" 200 17546
INFO 2024-04-10 17:24:07,318 basehttp 21296 6168408064 "GET /admin/testapp5/product/?o=1.-2 HTTP/1.1" 200 12733
INFO 2024-04-10 17:24:07,380 basehttp 21296 6168408064 "GET /admin/jsi18n/ HTTP/1.1" 200 17546
INFO 2024-04-10 17:24:08,015 basehttp 21296 6168408064 "GET /admin/testapp5/product/?o=-1.-2 HTTP/1.1" 200 12741
INFO 2024-04-10 17:24:08,088 basehttp 21296 6168408064 "GET /admin/jsi18n/ HTTP/1.1" 200 17546
INFO 2024-04-10 17:24:20,798 basehttp 21296 6168408064 "GET /admin/testapp5/product/?o=-1.2 HTTP/1.1" 200 12733
INFO 2024-04-10 17:24:20,879 basehttp 21296 6168408064 "GET /admin/jsi18n/ HTTP/1.1" 200 17546
INFO 2024-04-10 17:24:28,809 basehttp 21296 6168408064 "GET /admin/testapp5/product/?o=1.2 HTTP/1.1" 200 12725
INFO 2024-04-10 17:24:28,878 basehttp 21296 6168408064 "GET /admin/jsi18n/ HTTP/1.1" 200 17546
INFO 2024-04-10 17:24:36,393 basehttp 21296 6168408064 "GET /admin/testapp5/product/?o=1.-2 HTTP/1.1" 200 12733
INFO 2024-04-10 17:24:36,461 basehttp 21296 6168408064 "GET /admin/jsi18n/ HTTP/1.1" 200 17546
INFO 2024-04-10 17:24:38,300 basehttp 21296 6168408064 "GET /admin/testapp5/product/?o=3.1.-2 HTTP/1.1" 200 13148
INFO 2024-04-10 17:24:38,379 basehttp 21296 6168408064 "GET /admin/jsi18n/ HTTP/1.1" 200 17546
INFO 2024-04-10 17:24:40,165 basehttp 21296 6168408064 "GET /admin/testapp5/product/?o=1.-2 HTTP/1.1" 200 12733
INFO 2024-04-10 17:24:40,173 basehttp 21296 6168408064 "GET /admin/jsi18n/ HTTP/1.1" 200 17546
INFO 2024-04-10 17:25:48,800 autoreload 21296 8666905280 /Users/denisburguto/test2django/test_project/testapp5/admin.py changed, reloading.
INFO 2024-04-10 17:25:49,122 autoreload 21351 8666905280 Watching for file changes with StatReloader
INFO 2024-04-10 17:25:54,629 basehttp 21351 6138359808 "GET /admin/testapp5/product/ HTTP/1.1" 200 12617
INFO 2024-04-10 17:25:54,637 basehttp 21351 6138359808 "GET /admin/jsi18n/ HTTP/1.1" 200 17546
INFO 2024-04-10 17:45:07,755 autoreload 21351 8666905280 /Users/denisburguto/test2django/test_project/testapp5/admin.py changed, reloading.
INFO 2024-04-10 17:45:08,080 autoreload 21676 8666905280 Watching for file changes with StatReloader
INFO 2024-04-10 17:45:12,213 basehttp 21676 6133837824 "GET /admin/testapp5/product/ HTTP/1.1" 200 14017
INFO 2024-04-10 17:45:12,288 basehttp 21676 6133837824 "GET /admin/jsi18n/ HTTP/1.1" 200 17546
INFO 2024-04-10 17:46:27,115 basehttp 21676 6133837824 "GET /admin/testapp5/product/?price=999999.99 HTTP/1.1" 200 14528
INFO 2024-04-10 17:46:27,187 basehttp 21676 6133837824 "GET /admin/jsi18n/ HTTP/1.1" 200 17546
INFO 2024-04-10 17:46:28,724 basehttp 21676 6133837824 "GET /admin/testapp5/product/? HTTP/1.1" 200 14017
INFO 2024-04-10 17:46:28,808 basehttp 21676 6133837824 "GET /admin/jsi18n/ HTTP/1.1" 200 17546
INFO 2024-04-10 17:46:57,198 basehttp 21676 6133837824 "GET /admin/testapp5/product/?_facets=True HTTP/1.1" 200 14410
INFO 2024-04-10 17:46:57,283 basehttp 21676 6133837824 "GET /admin/jsi18n/ HTTP/1.1" 200 17546
INFO 2024-04-10 17:46:57,354 basehttp 21676 6133837824 "GET /static/admin/img/icon-hidelink.svg HTTP/1.1" 200 784
INFO 2024-04-10 17:46:59,543 basehttp 21676 6133837824 "GET /admin/testapp5/product/? HTTP/1.1" 200 14017
INFO 2024-04-10 17:46:59,629 basehttp 21676 6133837824 "GET /admin/jsi18n/ HTTP/1.1" 200 17546
INFO 2024-04-10 17:47:00,644 basehttp 21676 6133837824 "GET /admin/testapp5/product/?_facets=True HTTP/1.1" 200 14410
INFO 2024-04-10 17:47:00,728 basehttp 21676 6133837824 "GET /admin/jsi18n/ HTTP/1.1" 200 17546
INFO 2024-04-10 17:47:03,073 basehttp 21676 6133837824 "GET /admin/testapp5/product/? HTTP/1.1" 200 14017
INFO 2024-04-10 17:47:03,081 basehttp 21676 6133837824 "GET /admin/jsi18n/ HTTP/1.1" 200 17546
INFO 2024-04-10 17:47:09,045 basehttp 21676 6133837824 "GET /admin/testapp5/product/?date_added__gte=2024-04-10+00%3A00%3A00%2B00%3A00&date_added__lt=2024-04-11+00%3A00%3A00%2B00%3A00 HTTP/1.1" 200 15766
INFO 2024-04-10 17:47:09,132 basehttp 21676 6133837824 "GET /admin/jsi18n/ HTTP/1.1" 200 17546
INFO 2024-04-10 17:47:10,822 basehttp 21676 6133837824 "GET /admin/testapp5/product/? HTTP/1.1" 200 14017
INFO 2024-04-10 17:47:10,830 basehttp 21676 6133837824 "GET /admin/jsi18n/ HTTP/1.1" 200 17546
INFO 2024-04-10 17:47:50,238 autoreload 21676 8666905280 /Users/denisburguto/test2django/test_project/testapp5/admin.py changed, reloading.
INFO 2024-04-10 17:47:50,541 autoreload 21729 8666905280 Watching for file changes with StatReloader
INFO 2024-04-10 17:51:23,745 basehttp 21729 6123204608 "GET /admin/testapp5/product/? HTTP/1.1" 200 14525
INFO 2024-04-10 17:51:23,825 basehttp 21729 6123204608 "GET /admin/jsi18n/ HTTP/1.1" 200 17546
INFO 2024-04-10 17:53:58,894 autoreload 21729 8666905280 /Users/denisburguto/test2django/test_project/testapp5/admin.py changed, reloading.
INFO 2024-04-10 17:53:59,214 autoreload 21951 8666905280 Watching for file changes with StatReloader
INFO 2024-04-10 17:54:04,054 basehttp 21951 6129250304 "GET /admin/testapp5/product/? HTTP/1.1" 200 14525
INFO 2024-04-10 17:54:04,131 basehttp 21951 6129250304 "GET /admin/jsi18n/ HTTP/1.1" 200 17546
INFO 2024-04-10 17:54:08,859 basehttp 21951 6129250304 "GET /admin/testapp5/product/? HTTP/1.1" 200 14525
INFO 2024-04-10 17:54:08,933 basehttp 21951 6129250304 "GET /admin/jsi18n/ HTTP/1.1" 200 17546
INFO 2024-04-10 17:54:41,994 autoreload 21951 8666905280 /Users/denisburguto/test2django/test_project/testapp5/admin.py changed, reloading.
INFO 2024-04-10 17:54:42,271 autoreload 21972 8666905280 Watching for file changes with StatReloader
INFO 2024-04-10 17:54:50,628 basehttp 21972 6128037888 "GET /admin/testapp5/product/? HTTP/1.1" 200 14618
INFO 2024-04-10 17:54:50,703 basehttp 21972 6128037888 "GET /admin/jsi18n/ HTTP/1.1" 200 17546
INFO 2024-04-10 18:01:30,077 basehttp 21972 6128037888 "GET / HTTP/1.1" 200 217
INFO 2024-04-10 18:01:34,950 basehttp 21972 6128037888 "GET / HTTP/1.1" 200 217
WARNING 2024-04-10 18:01:35,780 log 21972 6128037888 Not Found: /about/
WARNING 2024-04-10 18:01:35,780 basehttp 21972 6128037888 "GET /about/ HTTP/1.1" 404 2514
INFO 2024-04-10 18:01:37,585 basehttp 21972 6128037888 "GET /admin/testapp5/product/ HTTP/1.1" 200 14618
INFO 2024-04-10 18:01:37,675 basehttp 21972 6128037888 "GET /admin/jsi18n/ HTTP/1.1" 200 17546
INFO 2024-04-10 18:03:46,134 basehttp 21972 6128037888 "GET /admin/testapp5/product/4/change/ HTTP/1.1" 200 14638
INFO 2024-04-10 18:03:46,196 basehttp 21972 6128037888 "GET /admin/jsi18n/ HTTP/1.1" 200 17546
INFO 2024-04-10 18:03:50,023 basehttp 21972 6128037888 "GET /admin/testapp5/product/ HTTP/1.1" 200 14618
INFO 2024-04-10 18:03:50,097 basehttp 21972 6128037888 "GET /admin/jsi18n/ HTTP/1.1" 200 17546
INFO 2024-04-10 18:04:57,101 basehttp 21972 6128037888 "GET /admin/auth/user/ HTTP/1.1" 200 14453
INFO 2024-04-10 18:04:57,163 basehttp 21972 6128037888 "GET /admin/jsi18n/ HTTP/1.1" 200 17546
INFO 2024-04-10 18:05:03,832 basehttp 21972 6128037888 "GET /admin/testapp5/category/ HTTP/1.1" 200 11312
INFO 2024-04-10 18:05:03,908 basehttp 21972 6128037888 "GET /admin/jsi18n/ HTTP/1.1" 200 17546
INFO 2024-04-10 18:05:08,091 basehttp 21972 6128037888 "GET /admin/testapp5/product/ HTTP/1.1" 200 14618
INFO 2024-04-10 18:05:08,099 basehttp 21972 6128037888 "GET /admin/jsi18n/ HTTP/1.1" 200 17546
INFO 2024-04-10 18:07:38,766 autoreload 21972 8666905280 /Users/denisburguto/test2django/test_project/testapp5/admin.py changed, reloading.
INFO 2024-04-10 18:07:39,057 autoreload 22369 8666905280 Watching for file changes with StatReloader
INFO 2024-04-10 18:07:43,790 basehttp 22369 6164803584 "GET /admin/testapp5/product/ HTTP/1.1" 200 14618
INFO 2024-04-10 18:07:43,869 basehttp 22369 6164803584 "GET /admin/jsi18n/ HTTP/1.1" 200 17546
INFO 2024-04-10 18:07:47,096 basehttp 22369 6164803584 "GET /admin/testapp5/product/ HTTP/1.1" 200 14618
INFO 2024-04-10 18:07:47,107 basehttp 22369 6164803584 "GET /admin/jsi18n/ HTTP/1.1" 200 17546
INFO 2024-04-10 18:07:48,383 basehttp 22369 6164803584 "GET /admin/testapp5/product/2/change/ HTTP/1.1" 200 13857
INFO 2024-04-10 18:07:48,453 basehttp 22369 6164803584 "GET /admin/jsi18n/ HTTP/1.1" 200 17546
INFO 2024-04-10 18:07:57,936 basehttp 22369 6164803584 "GET /admin/testapp5/product/3/change/ HTTP/1.1" 200 13845
INFO 2024-04-10 18:07:58,016 basehttp 22369 6164803584 "GET /admin/jsi18n/ HTTP/1.1" 200 17546
INFO 2024-04-10 18:08:03,800 basehttp 22369 6164803584 "GET /admin/testapp5/product/2/change/ HTTP/1.1" 200 13857
INFO 2024-04-10 18:08:03,806 basehttp 22369 6164803584 "GET /admin/jsi18n/ HTTP/1.1" 200 17546
INFO 2024-04-10 18:08:10,627 basehttp 22369 6164803584 "POST /admin/testapp5/product/2/change/ HTTP/1.1" 302 0
INFO 2024-04-10 18:08:10,650 basehttp 22369 6164803584 "GET /admin/testapp5/product/ HTTP/1.1" 200 14831
INFO 2024-04-10 18:08:10,705 basehttp 22369 6164803584 "GET /admin/jsi18n/ HTTP/1.1" 200 17546
INFO 2024-04-10 18:08:12,027 basehttp 22369 6164803584 "GET /admin/testapp5/product/4/change/ HTTP/1.1" 200 13857
INFO 2024-04-10 18:08:12,033 basehttp 22369 6164803584 "GET /admin/jsi18n/ HTTP/1.1" 200 17546
INFO 2024-04-10 18:11:28,812 autoreload 22369 8666905280 /Users/denisburguto/test2django/test_project/testapp5/admin.py changed, reloading.
INFO 2024-04-10 18:11:29,116 autoreload 22445 8666905280 Watching for file changes with StatReloader
INFO 2024-04-10 18:11:34,717 basehttp 22445 6130413568 "GET /admin/testapp5/product/4/change/ HTTP/1.1" 200 15777
INFO 2024-04-10 18:11:34,774 basehttp 22445 6130413568 "GET /admin/jsi18n/ HTTP/1.1" 200 17546
INFO 2024-04-10 18:11:34,781 basehttp 22445 6130413568 "GET /static/admin/js/collapse.js HTTP/1.1" 200 1803
INFO 2024-04-12 15:09:09,472 autoreload 31186 8666905280 Watching for file changes with StatReloader
INFO 2024-04-12 15:16:27,440 autoreload 31872 8666905280 Watching for file changes with StatReloader
INFO 2024-04-12 15:17:02,752 autoreload 31953 8666905280 Watching for file changes with StatReloader
INFO 2024-04-12 15:17:04,612 basehttp 31953 6196899840 "GET / HTTP/1.1" 200 10401
INFO 2024-04-12 15:17:04,702 basehttp 31953 6196899840 "GET /static/debug_toolbar/css/print.css HTTP/1.1" 200 43
INFO 2024-04-12 15:17:04,704 basehttp 31953 6196899840 "GET /static/debug_toolbar/css/toolbar.css HTTP/1.1" 200 12621
INFO 2024-04-12 15:17:04,709 basehttp 31953 6196899840 "GET /static/debug_toolbar/js/toolbar.js HTTP/1.1" 200 13578
INFO 2024-04-12 15:17:04,728 basehttp 31953 6196899840 "GET /static/debug_toolbar/js/utils.js HTTP/1.1" 200 4527
WARNING 2024-04-12 15:17:04,772 log 31953 6213726208 Not Found: /apple-touch-icon-precomposed.png
WARNING 2024-04-12 15:17:04,772 basehttp 31953 6213726208 "GET /apple-touch-icon-precomposed.png HTTP/1.1" 404 12895
WARNING 2024-04-12 15:17:04,781 log 31953 6213726208 Not Found: /apple-touch-icon.png
WARNING 2024-04-12 15:17:04,781 basehttp 31953 6213726208 "GET /apple-touch-icon.png HTTP/1.1" 404 12845
INFO 2024-04-12 15:22:40,498 basehttp 31953 6196899840 "GET /__debug__/render_panel/?store_id=a098472cc0434f92bcc5d5d343340245&panel_id=HistoryPanel HTTP/1.1" 200 5825
INFO 2024-04-12 15:22:40,509 basehttp 31953 6196899840 "GET /static/debug_toolbar/js/history.js HTTP/1.1" 200 3515
INFO 2024-04-12 15:22:52,117 basehttp 31953 6196899840 "GET /__debug__/render_panel/?store_id=a098472cc0434f92bcc5d5d343340245&panel_id=VersionsPanel HTTP/1.1" 200 760
INFO 2024-04-12 15:22:54,235 basehttp 31953 6196899840 "GET /__debug__/render_panel/?store_id=a098472cc0434f92bcc5d5d343340245&panel_id=TimerPanel HTTP/1.1" 200 2263
INFO 2024-04-12 15:22:54,247 basehttp 31953 6196899840 "GET /static/debug_toolbar/js/timer.js HTTP/1.1" 200 3686
INFO 2024-04-12 15:23:09,526 basehttp 31953 6196899840 "GET /__debug__/render_panel/?store_id=a098472cc0434f92bcc5d5d343340245&panel_id=SettingsPanel HTTP/1.1" 200 26893
INFO 2024-04-12 15:23:29,419 basehttp 31953 6196899840 "GET /__debug__/render_panel/?store_id=a098472cc0434f92bcc5d5d343340245&panel_id=HeadersPanel HTTP/1.1" 200 4702
INFO 2024-04-12 15:24:10,928 basehttp 31953 6196899840 "GET /__debug__/render_panel/?store_id=a098472cc0434f92bcc5d5d343340245&panel_id=RequestPanel HTTP/1.1" 200 2375
INFO 2024-04-12 15:24:48,656 basehttp 31953 6196899840 "GET /__debug__/render_panel/?store_id=a098472cc0434f92bcc5d5d343340245&panel_id=SQLPanel HTTP/1.1" 200 428
INFO 2024-04-12 15:25:09,540 basehttp 31953 6196899840 "GET / HTTP/1.1" 200 10402
INFO 2024-04-12 15:25:09,582 basehttp 31953 6196899840 "GET /static/debug_toolbar/css/print.css HTTP/1.1" 304 0
INFO 2024-04-12 15:25:09,585 basehttp 31953 6196899840 "GET /static/debug_toolbar/css/toolbar.css HTTP/1.1" 304 0
INFO 2024-04-12 15:25:09,590 basehttp 31953 6196899840 "GET /static/debug_toolbar/js/toolbar.js HTTP/1.1" 304 0
INFO 2024-04-12 15:25:09,604 basehttp 31953 6196899840 "GET /static/debug_toolbar/js/utils.js HTTP/1.1" 304 0
INFO 2024-04-12 15:25:11,846 basehttp 31953 6196899840 "GET /__debug__/render_panel/?store_id=0cf344538d724d17af4212b2113a09f3&panel_id=RequestPanel HTTP/1.1" 200 2375
INFO 2024-04-12 15:25:13,600 basehttp 31953 6196899840 "GET /__debug__/render_panel/?store_id=0cf344538d724d17af4212b2113a09f3&panel_id=SQLPanel HTTP/1.1" 200 428
INFO 2024-04-12 15:25:25,419 basehttp 31953 6196899840 "GET /__debug__/render_panel/?store_id=0cf344538d724d17af4212b2113a09f3&panel_id=HistoryPanel HTTP/1.1" 200 7459
INFO 2024-04-12 15:25:25,432 basehttp 31953 6196899840 "GET /static/debug_toolbar/js/history.js HTTP/1.1" 304 0
INFO 2024-04-12 15:25:39,024 basehttp 31953 6196899840 "GET /__debug__/render_panel/?store_id=0cf344538d724d17af4212b2113a09f3&panel_id=StaticFilesPanel HTTP/1.1" 200 30342
INFO 2024-04-12 15:26:38,882 basehttp 31953 6196899840 "GET /__debug__/render_panel/?store_id=0cf344538d724d17af4212b2113a09f3&panel_id=TemplatesPanel HTTP/1.1" 200 6333
INFO 2024-04-12 15:26:45,216 basehttp 31953 6196899840 "GET /__debug__/render_panel/?store_id=0cf344538d724d17af4212b2113a09f3&panel_id=CachePanel HTTP/1.1" 200 1737
INFO 2024-04-12 15:26:48,110 basehttp 31953 6196899840 "GET /__debug__/render_panel/?store_id=0cf344538d724d17af4212b2113a09f3&panel_id=SignalsPanel HTTP/1.1" 200 2276
INFO 2024-04-12 15:28:21,246 basehttp 31953 6196899840 "GET / HTTP/1.1" 200 10402
INFO 2024-04-12 15:28:21,286 basehttp 31953 6196899840 "GET /static/debug_toolbar/css/print.css HTTP/1.1" 304 0
INFO 2024-04-12 15:28:21,291 basehttp 31953 6196899840 "GET /static/debug_toolbar/css/toolbar.css HTTP/1.1" 304 0
INFO 2024-04-12 15:28:21,295 basehttp 31953 6196899840 "GET /static/debug_toolbar/js/toolbar.js HTTP/1.1" 304 0
INFO 2024-04-12 15:28:21,308 basehttp 31953 6196899840 "GET /static/debug_toolbar/js/utils.js HTTP/1.1" 304 0
WARNING 2024-04-12 15:28:30,298 log 31953 6196899840 Not Found: /user/add
WARNING 2024-04-12 15:28:30,299 basehttp 31953 6196899840 "GET /user/add HTTP/1.1" 404 13226
INFO 2024-04-12 15:28:33,771 basehttp 31953 6196899840 "GET /__debug__/render_panel/?store_id=4c14761419ca4a8585f54321005dc3af&panel_id=ProfilingPanel HTTP/1.1" 200 68532
WARNING 2024-04-12 15:28:41,461 log 31953 6196899840 Not Found: /user
WARNING 2024-04-12 15:28:41,461 basehttp 31953 6196899840 "GET /user HTTP/1.1" 404 13210
INFO 2024-04-12 15:28:41,492 basehttp 31953 6196899840 "GET /static/debug_toolbar/css/print.css HTTP/1.1" 304 0
INFO 2024-04-12 15:28:41,496 basehttp 31953 6196899840 "GET /static/debug_toolbar/css/toolbar.css HTTP/1.1" 304 0
INFO 2024-04-12 15:28:41,500 basehttp 31953 6196899840 "GET /static/debug_toolbar/js/toolbar.js HTTP/1.1" 304 0
INFO 2024-04-12 15:28:41,515 basehttp 31953 6196899840 "GET /static/debug_toolbar/js/utils.js HTTP/1.1" 304 0
WARNING 2024-04-12 15:29:24,849 log 31953 6196899840 Not Found: /user/
WARNING 2024-04-12 15:29:24,850 basehttp 31953 6196899840 "GET /user/ HTTP/1.1" 404 13214
INFO 2024-04-12 15:29:50,332 basehttp 31953 6196899840 "GET / HTTP/1.1" 200 10829
INFO 2024-04-12 15:29:51,238 basehttp 31953 6196899840 "GET /l4/user/add/ HTTP/1.1" 200 11407
INFO 2024-04-12 15:30:02,823 basehttp 31953 6196899840 "POST /l4/user/add/ HTTP/1.1" 200 11565
INFO 2024-04-12 15:30:06,398 basehttp 31953 6196899840 "GET /__debug__/render_panel/?store_id=3776fbe635514586ab614b4e17881ef5&panel_id=ProfilingPanel HTTP/1.1" 200 50531
INFO 2024-04-12 15:33:52,017 basehttp 31953 6196899840 "GET /__debug__/render_panel/?store_id=3776fbe635514586ab614b4e17881ef5&panel_id=HistoryPanel HTTP/1.1" 200 19623
INFO 2024-04-12 15:33:52,032 basehttp 31953 6196899840 "GET /static/debug_toolbar/js/history.js HTTP/1.1" 304 0
INFO 2024-04-12 15:46:45,342 autoreload 32972 8666905280 Watching for file changes with StatReloader
INFO 2024-04-12 15:46:47,012 basehttp 32972 6126104576 "GET / HTTP/1.1" 200 10829
INFO 2024-04-12 15:46:47,067 basehttp 32972 6126104576 "GET /static/debug_toolbar/css/print.css HTTP/1.1" 304 0
INFO 2024-04-12 15:46:47,071 basehttp 32972 6126104576 "GET /static/debug_toolbar/css/toolbar.css HTTP/1.1" 304 0
INFO 2024-04-12 15:46:47,076 basehttp 32972 6126104576 "GET /static/debug_toolbar/js/toolbar.js HTTP/1.1" 304 0
INFO 2024-04-12 15:46:47,095 basehttp 32972 6126104576 "GET /static/debug_toolbar/js/utils.js HTTP/1.1" 304 0
INFO 2024-04-12 15:46:50,200 basehttp 32972 6126104576 "GET / HTTP/1.1" 200 10829
WARNING 2024-04-12 15:46:51,191 log 32972 6126104576 Not Found: /about/
WARNING 2024-04-12 15:46:51,191 basehttp 32972 6126104576 "GET /about/ HTTP/1.1" 404 13218
INFO 2024-04-12 15:46:52,903 basehttp 32972 6126104576 "GET /admin/testapp5/product/ HTTP/1.1" 200 25779
INFO 2024-04-12 15:46:52,942 basehttp 32972 6126104576 "GET /static/admin/css/base.css HTTP/1.1" 200 21544
INFO 2024-04-12 15:46:52,946 basehttp 32972 6126104576 "GET /static/admin/css/dark_mode.css HTTP/1.1" 200 2682
INFO 2024-04-12 15:46:52,950 basehttp 32972 6126104576 "GET /static/admin/js/theme.js HTTP/1.1" 200 1943
INFO 2024-04-12 15:46:52,954 basehttp 32972 6126104576 "GET /static/admin/css/nav_sidebar.css HTTP/1.1" 200 2810
INFO 2024-04-12 15:46:52,958 basehttp 32972 6126104576 "GET /static/admin/js/nav_sidebar.js HTTP/1.1" 200 3063
INFO 2024-04-12 15:46:52,962 basehttp 32972 6126104576 "GET /static/admin/css/changelists.css HTTP/1.1" 200 6811
INFO 2024-04-12 15:46:52,979 basehttp 32972 6159757312 "GET /static/admin/js/jquery.init.js HTTP/1.1" 200 347
INFO 2024-04-12 15:46:52,980 basehttp 32972 6176583680 "GET /static/admin/js/core.js HTTP/1.1" 200 6208
INFO 2024-04-12 15:46:52,984 basehttp 32972 6159757312 "GET /static/admin/js/admin/RelatedObjectLookups.js HTTP/1.1" 200 9042
INFO 2024-04-12 15:46:52,986 basehttp 32972 6126104576 "GET /admin/jsi18n/ HTTP/1.1" 200 17546
INFO 2024-04-12 15:46:52,986 basehttp 32972 6142930944 "GET /static/admin/js/vendor/jquery/jquery.js HTTP/1.1" 200 285314
INFO 2024-04-12 15:46:52,986 basehttp 32972 6159757312 "GET /static/admin/js/actions.js HTTP/1.1" 200 8067
INFO 2024-04-12 15:46:52,988 basehttp 32972 6126104576 "GET /static/admin/js/urlify.js HTTP/1.1" 200 7887
INFO 2024-04-12 15:46:52,992 basehttp 32972 6126104576 "GET /static/admin/js/prepopulate.js HTTP/1.1" 200 1531
INFO 2024-04-12 15:46:52,998 basehttp 32972 6126104576 "GET /static/admin/js/vendor/xregexp/xregexp.js HTTP/1.1" 200 325171
INFO 2024-04-12 15:46:53,000 basehttp 32972 6126104576 "GET /static/admin/js/filters.js HTTP/1.1" 200 978
INFO 2024-04-12 15:46:53,003 basehttp 32972 6126104576 "GET /static/admin/css/responsive.css HTTP/1.1" 200 17905
INFO 2024-04-12 15:46:53,006 basehttp 32972 6126104576 "GET /static/admin/img/search.svg HTTP/1.1" 200 458
INFO 2024-04-12 15:46:53,108 basehttp 32972 6126104576 "GET /static/admin/img/icon-addlink.svg HTTP/1.1" 200 331
INFO 2024-04-12 15:46:53,112 basehttp 32972 6126104576 "GET /static/admin/img/tooltag-add.svg HTTP/1.1" 200 331
INFO 2024-04-12 15:46:53,116 basehttp 32972 6126104576 "GET /static/admin/img/sorting-icons.svg HTTP/1.1" 200 1097
INFO 2024-04-12 15:46:53,126 basehttp 32972 6126104576 "GET /static/admin/img/icon-viewlink.svg HTTP/1.1" 200 581
INFO 2024-04-12 15:46:57,152 basehttp 32972 6126104576 "GET /admin/testapp5/product/ HTTP/1.1" 200 25777
INFO 2024-04-12 15:46:57,210 basehttp 32972 6126104576 "GET /admin/jsi18n/ HTTP/1.1" 200 17546
INFO 2024-04-12 15:46:58,458 basehttp 32972 6126104576 "GET /admin/testapp5/product/ HTTP/1.1" 200 25777
INFO 2024-04-12 15:46:58,480 basehttp 32972 6142930944 "GET /admin/jsi18n/ HTTP/1.1" 200 17546
INFO 2024-04-12 15:47:02,297 basehttp 32972 6126104576 "POST /admin/testapp5/product/ HTTP/1.1" 200 20430
INFO 2024-04-12 15:47:02,382 basehttp 32972 6126104576 "GET /static/admin/js/cancel.js HTTP/1.1" 200 884
ERROR 2024-04-12 15:47:08,962 log 32972 6126104576 Internal Server Error: /admin/testapp5/product/
Traceback (most recent call last):
  File "/Users/denisburguto/venv/lib/python3.11/site-packages/django/db/utils.py", line 98, in inner
    return func(*args, **kwargs)
           ^^^^^^^^^^^^^^^^^^^^^
sqlite3.OperationalError: database is locked

The above exception was the direct cause of the following exception:

Traceback (most recent call last):
  File "/Users/denisburguto/venv/lib/python3.11/site-packages/django/core/handlers/exception.py", line 55, in inner
    response = get_response(request)
               ^^^^^^^^^^^^^^^^^^^^^
  File "/Users/denisburguto/venv/lib/python3.11/site-packages/django/core/handlers/base.py", line 197, in _get_response
    response = wrapped_callback(request, *callback_args, **callback_kwargs)
               ^^^^^^^^^^^^^^^^^^^^^^^^^^^^^^^^^^^^^^^^^^^^^^^^^^^^^^^^^^^^
  File "/Users/denisburguto/venv/lib/python3.11/site-packages/django/contrib/admin/options.py", line 716, in wrapper
    return self.admin_site.admin_view(view)(*args, **kwargs)
           ^^^^^^^^^^^^^^^^^^^^^^^^^^^^^^^^^^^^^^^^^^^^^^^^^
  File "/Users/denisburguto/venv/lib/python3.11/site-packages/django/utils/decorators.py", line 188, in _view_wrapper
    result = _process_exception(request, e)
             ^^^^^^^^^^^^^^^^^^^^^^^^^^^^^^
  File "/Users/denisburguto/venv/lib/python3.11/site-packages/django/utils/decorators.py", line 186, in _view_wrapper
    response = view_func(request, *args, **kwargs)
               ^^^^^^^^^^^^^^^^^^^^^^^^^^^^^^^^^^^
  File "/Users/denisburguto/venv/lib/python3.11/site-packages/django/views/decorators/cache.py", line 80, in _view_wrapper
    response = view_func(request, *args, **kwargs)
               ^^^^^^^^^^^^^^^^^^^^^^^^^^^^^^^^^^^
  File "/Users/denisburguto/venv/lib/python3.11/site-packages/django/contrib/admin/sites.py", line 240, in inner
    return view(request, *args, **kwargs)
           ^^^^^^^^^^^^^^^^^^^^^^^^^^^^^^
  File "/Users/denisburguto/venv/lib/python3.11/site-packages/django/utils/decorators.py", line 48, in _wrapper
    return bound_method(*args, **kwargs)
           ^^^^^^^^^^^^^^^^^^^^^^^^^^^^^
  File "/Users/denisburguto/venv/lib/python3.11/site-packages/django/utils/decorators.py", line 188, in _view_wrapper
    result = _process_exception(request, e)
             ^^^^^^^^^^^^^^^^^^^^^^^^^^^^^^
  File "/Users/denisburguto/venv/lib/python3.11/site-packages/django/utils/decorators.py", line 186, in _view_wrapper
    response = view_func(request, *args, **kwargs)
               ^^^^^^^^^^^^^^^^^^^^^^^^^^^^^^^^^^^
  File "/Users/denisburguto/venv/lib/python3.11/site-packages/django/contrib/admin/options.py", line 2042, in changelist_view
    response = self.response_action(
               ^^^^^^^^^^^^^^^^^^^^^
  File "/Users/denisburguto/venv/lib/python3.11/site-packages/django/contrib/admin/options.py", line 1650, in response_action
    response = func(self, request, queryset)
               ^^^^^^^^^^^^^^^^^^^^^^^^^^^^^
  File "/Users/denisburguto/venv/lib/python3.11/site-packages/django/contrib/admin/actions.py", line 50, in delete_selected
    modeladmin.log_deletion(request, obj, obj_display)
  File "/Users/denisburguto/venv/lib/python3.11/site-packages/django/contrib/admin/options.py", line 985, in log_deletion
    return LogEntry.objects.log_action(
           ^^^^^^^^^^^^^^^^^^^^^^^^^^^^
  File "/Users/denisburguto/venv/lib/python3.11/site-packages/django/contrib/admin/models.py", line 38, in log_action
    return self.model.objects.create(
           ^^^^^^^^^^^^^^^^^^^^^^^^^^
  File "/Users/denisburguto/venv/lib/python3.11/site-packages/django/db/models/manager.py", line 87, in manager_method
    return getattr(self.get_queryset(), name)(*args, **kwargs)
           ^^^^^^^^^^^^^^^^^^^^^^^^^^^^^^^^^^^^^^^^^^^^^^^^^^^
  File "/Users/denisburguto/venv/lib/python3.11/site-packages/django/db/models/query.py", line 679, in create
    obj.save(force_insert=True, using=self.db)
  File "/Users/denisburguto/venv/lib/python3.11/site-packages/django/db/models/base.py", line 822, in save
    self.save_base(
  File "/Users/denisburguto/venv/lib/python3.11/site-packages/django/db/models/base.py", line 909, in save_base
    updated = self._save_table(
              ^^^^^^^^^^^^^^^^^
  File "/Users/denisburguto/venv/lib/python3.11/site-packages/django/db/models/base.py", line 1067, in _save_table
    results = self._do_insert(
              ^^^^^^^^^^^^^^^^
  File "/Users/denisburguto/venv/lib/python3.11/site-packages/django/db/models/base.py", line 1108, in _do_insert
    return manager._insert(
           ^^^^^^^^^^^^^^^^
  File "/Users/denisburguto/venv/lib/python3.11/site-packages/django/db/models/manager.py", line 87, in manager_method
    return getattr(self.get_queryset(), name)(*args, **kwargs)
           ^^^^^^^^^^^^^^^^^^^^^^^^^^^^^^^^^^^^^^^^^^^^^^^^^^^
  File "/Users/denisburguto/venv/lib/python3.11/site-packages/django/db/models/query.py", line 1847, in _insert
    return query.get_compiler(using=using).execute_sql(returning_fields)
           ^^^^^^^^^^^^^^^^^^^^^^^^^^^^^^^^^^^^^^^^^^^^^^^^^^^^^^^^^^^^^
  File "/Users/denisburguto/venv/lib/python3.11/site-packages/django/db/models/sql/compiler.py", line 1835, in execute_sql
    self.connection.ops.fetch_returned_insert_columns(
  File "/Users/denisburguto/venv/lib/python3.11/site-packages/django/db/backends/base/operations.py", line 216, in fetch_returned_insert_columns
    return cursor.fetchone()
           ^^^^^^^^^^^^^^^^^
  File "/Users/denisburguto/venv/lib/python3.11/site-packages/django/db/utils.py", line 97, in inner
    with self:
  File "/Users/denisburguto/venv/lib/python3.11/site-packages/django/db/utils.py", line 91, in __exit__
    raise dj_exc_value.with_traceback(traceback) from exc_value
  File "/Users/denisburguto/venv/lib/python3.11/site-packages/django/db/utils.py", line 98, in inner
    return func(*args, **kwargs)
           ^^^^^^^^^^^^^^^^^^^^^
django.db.utils.OperationalError: database is locked
ERROR 2024-04-12 15:47:09,030 basehttp 32972 6126104576 "POST /admin/testapp5/product/ HTTP/1.1" 500 208032
INFO 2024-04-12 15:47:09,030 basehttp 32972 6126104576 - Broken pipe from ('127.0.0.1', 64128)
INFO 2024-04-12 15:47:12,931 basehttp 32972 6142930944 "POST /admin/testapp5/product/ HTTP/1.1" 302 0
INFO 2024-04-12 15:47:12,989 basehttp 32972 6142930944 "GET /admin/testapp5/product/ HTTP/1.1" 200 21787
INFO 2024-04-12 15:47:13,168 basehttp 32972 6142930944 "GET /admin/jsi18n/ HTTP/1.1" 200 17546
INFO 2024-04-12 15:47:13,265 basehttp 32972 6142930944 "GET /static/admin/img/icon-yes.svg HTTP/1.1" 200 436
INFO 2024-04-12 17:07:38,138 autoreload 34110 8666905280 Watching for file changes with StatReloader
INFO 2024-04-12 17:07:40,534 basehttp 34110 6126579712 "GET / HTTP/1.1" 200 10829
INFO 2024-04-12 17:07:40,591 basehttp 34110 6126579712 "GET /static/debug_toolbar/css/print.css HTTP/1.1" 304 0
INFO 2024-04-12 17:07:40,595 basehttp 34110 6126579712 "GET /static/debug_toolbar/css/toolbar.css HTTP/1.1" 304 0
INFO 2024-04-12 17:07:40,600 basehttp 34110 6126579712 "GET /static/debug_toolbar/js/toolbar.js HTTP/1.1" 304 0
INFO 2024-04-12 17:07:40,616 basehttp 34110 6126579712 "GET /static/debug_toolbar/js/utils.js HTTP/1.1" 304 0
INFO 2024-04-12 17:07:43,705 basehttp 34110 6126579712 "GET / HTTP/1.1" 200 10829
INFO 2024-04-12 17:07:44,260 basehttp 34110 6126579712 "GET /l4/user/add/ HTTP/1.1" 200 11407
WARNING 2024-04-12 17:07:48,640 log 34110 6126579712 Not Found: /l6/
WARNING 2024-04-12 17:07:48,640 basehttp 34110 6126579712 "GET /l6/ HTTP/1.1" 404 13714
INFO 2024-04-12 17:07:56,530 basehttp 34110 6126579712 "GET /l6/db HTTP/1.1" 301 0
INFO 2024-04-12 17:07:56,613 basehttp 34110 6126579712 "GET /l6/db/ HTTP/1.1" 200 10953
INFO 2024-04-12 17:08:12,091 basehttp 34110 6126579712 "GET /__debug__/render_panel/?store_id=b59dccc2944a40f3b41806dea0e78929&panel_id=SQLPanel HTTP/1.1" 200 5172
INFO 2024-04-12 17:08:16,665 basehttp 34110 6126579712 "GET /__debug__/render_panel/?store_id=b59dccc2944a40f3b41806dea0e78929&panel_id=HistoryPanel HTTP/1.1" 200 10701
INFO 2024-04-12 17:08:16,676 basehttp 34110 6126579712 "GET /static/debug_toolbar/js/history.js HTTP/1.1" 304 0
INFO 2024-04-12 17:09:32,670 basehttp 34110 6126579712 "GET /__debug__/render_panel/?store_id=b59dccc2944a40f3b41806dea0e78929&panel_id=ProfilingPanel HTTP/1.1" 200 32465
INFO 2024-04-12 17:10:14,721 basehttp 34110 6126579712 "GET /l6/db/ HTTP/1.1" 200 10953
INFO 2024-04-12 17:10:20,076 basehttp 34110 6126579712 "GET /l6/view HTTP/1.1" 301 0
INFO 2024-04-12 17:10:20,269 basehttp 34110 6126579712 "GET /l6/view/ HTTP/1.1" 200 10940
INFO 2024-04-12 17:10:32,993 basehttp 34110 6126579712 "GET /__debug__/render_panel/?store_id=3c38f90db8d547ac974c81a5523c450c&panel_id=SQLPanel HTTP/1.1" 200 6422
INFO 2024-04-12 17:10:47,191 basehttp 34110 6126579712 "GET /__debug__/render_panel/?store_id=3c38f90db8d547ac974c81a5523c450c&panel_id=ProfilingPanel HTTP/1.1" 200 41666
INFO 2024-04-12 17:11:20,220 basehttp 34110 6126579712 "GET /l6/view/ HTTP/1.1" 200 10940
INFO 2024-04-12 17:11:26,179 basehttp 34110 6126579712 "GET /l6/template HTTP/1.1" 301 0
INFO 2024-04-12 17:11:26,356 basehttp 34110 6126579712 "GET /l6/template/ HTTP/1.1" 200 10924
INFO 2024-04-12 17:11:30,149 basehttp 34110 6126579712 "GET /__debug__/render_panel/?store_id=d50a947d7f57421d8ec95467719b4311&panel_id=TimerPanel HTTP/1.1" 200 2267
INFO 2024-04-12 17:11:30,156 basehttp 34110 6126579712 "GET /static/debug_toolbar/js/timer.js HTTP/1.1" 304 0
INFO 2024-04-12 17:11:33,995 basehttp 34110 6126579712 "GET /__debug__/render_panel/?store_id=d50a947d7f57421d8ec95467719b4311&panel_id=SQLPanel HTTP/1.1" 200 22269
INFO 2024-04-12 17:11:54,825 basehttp 34110 6126579712 "GET /__debug__/render_panel/?store_id=d50a947d7f57421d8ec95467719b4311&panel_id=TemplatesPanel HTTP/1.1" 200 7019
INFO 2024-04-12 17:12:18,722 basehttp 34110 6126579712 "GET /__debug__/render_panel/?store_id=d50a947d7f57421d8ec95467719b4311&panel_id=ProfilingPanel HTTP/1.1" 200 32376
INFO 2024-04-12 17:12:48,882 basehttp 34110 6126579712 "GET /__debug__/render_panel/?store_id=d50a947d7f57421d8ec95467719b4311&panel_id=HistoryPanel HTTP/1.1" 200 20557
INFO 2024-04-12 17:13:23,287 basehttp 34110 6126579712 "GET /__debug__/history_sidebar/?store_id=55ac7d55340d404aab415117d434e18e&exclude_history=True HTTP/1.1" 200 12353
INFO 2024-04-12 17:13:28,918 basehttp 34110 6126579712 "GET /__debug__/history_sidebar/?store_id=9b608f9223be4f9ba417411c9bdbf526&exclude_history=True HTTP/1.1" 200 12353
INFO 2024-04-12 17:13:33,166 basehttp 34110 6126579712 "GET /__debug__/history_sidebar/?store_id=7cb3fbb1a25a406493961233b9ec9caf&exclude_history=True HTTP/1.1" 200 12353
INFO 2024-04-12 17:13:40,271 basehttp 34110 6126579712 "GET /__debug__/history_sidebar/?store_id=d50a947d7f57421d8ec95467719b4311&exclude_history=True HTTP/1.1" 200 12381
INFO 2024-04-12 17:13:46,367 basehttp 34110 6126579712 "GET /__debug__/history_sidebar/?store_id=b59dccc2944a40f3b41806dea0e78929&exclude_history=True HTTP/1.1" 200 12373
INFO 2024-04-12 17:13:51,901 basehttp 34110 6126579712 "GET /__debug__/history_sidebar/?store_id=3c38f90db8d547ac974c81a5523c450c&exclude_history=True HTTP/1.1" 200 12377
INFO 2024-04-12 17:13:53,770 basehttp 34110 6126579712 "GET /__debug__/history_sidebar/?store_id=d50a947d7f57421d8ec95467719b4311&exclude_history=True HTTP/1.1" 200 12381
INFO 2024-04-12 17:28:54,646 basehttp 34110 6126579712 "GET /admin/testapp5/product/ HTTP/1.1" 200 688102
INFO 2024-04-12 17:28:54,726 basehttp 34110 6126579712 "GET /static/admin/css/base.css HTTP/1.1" 200 21544
INFO 2024-04-12 17:28:54,728 basehttp 34110 6143406080 "GET /static/admin/css/dark_mode.css HTTP/1.1" 200 2682
INFO 2024-04-12 17:28:54,731 basehttp 34110 6126579712 "GET /static/admin/js/theme.js HTTP/1.1" 200 1943
INFO 2024-04-12 17:28:54,736 basehttp 34110 6126579712 "GET /static/admin/css/nav_sidebar.css HTTP/1.1" 200 2810
INFO 2024-04-12 17:28:54,740 basehttp 34110 6126579712 "GET /static/admin/js/nav_sidebar.js HTTP/1.1" 200 3063
INFO 2024-04-12 17:28:54,743 basehttp 34110 6126579712 "GET /static/admin/css/changelists.css HTTP/1.1" 200 6811
INFO 2024-04-12 17:28:54,759 basehttp 34110 6160232448 "GET /static/admin/js/jquery.init.js HTTP/1.1" 200 347
INFO 2024-04-12 17:28:54,760 basehttp 34110 6177058816 "GET /static/admin/js/core.js HTTP/1.1" 200 6208
INFO 2024-04-12 17:28:54,763 basehttp 34110 6143406080 "GET /static/admin/js/vendor/jquery/jquery.js HTTP/1.1" 200 285314
INFO 2024-04-12 17:28:54,766 basehttp 34110 6126579712 "GET /admin/jsi18n/ HTTP/1.1" 200 17546
INFO 2024-04-12 17:28:54,766 basehttp 34110 6160232448 "GET /static/admin/js/admin/RelatedObjectLookups.js HTTP/1.1" 200 9042
INFO 2024-04-12 17:28:54,767 basehttp 34110 6143406080 "GET /static/admin/js/actions.js HTTP/1.1" 200 8067
INFO 2024-04-12 17:28:54,770 basehttp 34110 6126579712 "GET /static/admin/js/urlify.js HTTP/1.1" 200 7887
INFO 2024-04-12 17:28:54,773 basehttp 34110 6126579712 "GET /static/admin/js/prepopulate.js HTTP/1.1" 200 1531
INFO 2024-04-12 17:28:54,777 basehttp 34110 6126579712 "GET /static/admin/js/vendor/xregexp/xregexp.js HTTP/1.1" 200 325171
INFO 2024-04-12 17:28:54,779 basehttp 34110 6126579712 "GET /static/admin/js/filters.js HTTP/1.1" 200 978
INFO 2024-04-12 17:28:54,782 basehttp 34110 6126579712 "GET /static/admin/css/responsive.css HTTP/1.1" 200 17905
INFO 2024-04-12 17:28:54,786 basehttp 34110 6126579712 "GET /static/admin/img/search.svg HTTP/1.1" 200 458
INFO 2024-04-12 17:28:54,793 basehttp 34110 6126579712 "GET /static/debug_toolbar/css/toolbar.css HTTP/1.1" 200 12621
INFO 2024-04-12 17:28:54,796 basehttp 34110 6126579712 "GET /static/debug_toolbar/js/toolbar.js HTTP/1.1" 200 13578
INFO 2024-04-12 17:28:54,873 basehttp 34110 6126579712 "GET /static/debug_toolbar/css/print.css HTTP/1.1" 200 43
INFO 2024-04-12 17:28:54,893 basehttp 34110 6126579712 "GET /static/debug_toolbar/js/utils.js HTTP/1.1" 200 4527
INFO 2024-04-12 17:28:54,961 basehttp 34110 6126579712 "GET /static/admin/img/icon-addlink.svg HTTP/1.1" 200 331
INFO 2024-04-12 17:28:54,964 basehttp 34110 6126579712 "GET /static/admin/img/tooltag-add.svg HTTP/1.1" 200 331
INFO 2024-04-12 17:28:54,969 basehttp 34110 6126579712 "GET /static/admin/img/sorting-icons.svg HTTP/1.1" 200 1097
INFO 2024-04-12 17:28:54,979 basehttp 34110 6126579712 "GET /static/admin/img/icon-viewlink.svg HTTP/1.1" 200 581
INFO 2024-04-12 17:40:12,783 autoreload 34110 8666905280 /Users/denisburguto/test2django/test_project/test_project/settings.py changed, reloading.
INFO 2024-04-12 17:40:13,253 autoreload 34794 8666905280 Watching for file changes with StatReloader
INFO 2024-04-12 17:41:37,028 autoreload 34794 8666905280 /Users/denisburguto/test2django/test_project/test_project/settings.py changed, reloading.
INFO 2024-04-12 17:41:37,442 autoreload 34823 8666905280 Watching for file changes with StatReloader
INFO 2024-04-12 17:43:12,941 autoreload 34823 8666905280 /Users/denisburguto/test2django/test_project/test_project/settings.py changed, reloading.
INFO 2024-04-12 17:43:13,351 autoreload 34869 8666905280 Watching for file changes with StatReloader
INFO 2024-04-12 17:47:14,601 autoreload 34869 8666905280 /Users/denisburguto/test2django/test_project/test_project/settings.py changed, reloading.
